Feb-21 05:14:49.109 [main] DEBUG nextflow.cli.Launcher - $> nextflow run /home/songz/gaoz/GZ_Project_2026/rnaseq-3.12.0/main.nf --input ./samplesheet_full.csv --outdir ./results --fasta /home/songz/lhn_work/database/02.genome/mouse_reference/Mus_musculus.fasta --gtf /home/songz/lhn_work/database/02.genome/mouse_reference/Mus_musculus.gtf -work-dir /home/songz/gaoz/work/01_Junqiang_Ding_0216 --aligner star_salmon --max_cpus 16 --max_memory 64.GB --skip_dupradar --skip_rseqc --skip_biotype_qc -resume
Feb-21 05:14:49.605 [main] DEBUG nextflow.cli.CmdRun - N E X T F L O W  ~  version 24.10.5
Feb-21 05:14:49.778 [main] DEBUG nextflow.plugin.PluginsFacade - Setting up plugin manager > mode=prod; embedded=false; plugins-dir=/home/songz/.nextflow/plugins; core-plugins: nf-amazon@2.9.2,nf-azure@1.10.2,nf-cloudcache@0.4.2,nf-codecommit@0.2.2,nf-console@1.1.4,nf-google@1.15.4,nf-tower@1.9.3,nf-wave@1.7.4
Feb-21 05:14:49.868 [main] INFO  o.pf4j.DefaultPluginStatusProvider - Enabled plugins: []
Feb-21 05:14:49.872 [main] INFO  o.pf4j.DefaultPluginStatusProvider - Disabled plugins: []
Feb-21 05:14:49.882 [main] INFO  org.pf4j.DefaultPluginManager - PF4J version 3.12.0 in 'deployment' mode
Feb-21 05:14:49.941 [main] INFO  org.pf4j.AbstractPluginManager - No plugins
Feb-21 05:14:50.011 [main] DEBUG nextflow.config.ConfigBuilder - Found config base: /home/songz/gaoz/GZ_Project_2026/rnaseq-3.12.0/nextflow.config
Feb-21 05:14:50.022 [main] DEBUG nextflow.config.ConfigBuilder - Parsing config file: /home/songz/gaoz/GZ_Project_2026/rnaseq-3.12.0/nextflow.config
Feb-21 05:14:50.170 [main] DEBUG n.secret.LocalSecretsProvider - Secrets store: /home/songz/.nextflow/secrets/store.json
Feb-21 05:14:50.184 [main] DEBUG nextflow.secret.SecretsLoader - Discovered secrets providers: [nextflow.secret.LocalSecretsProvider@3ff57625] - activable => nextflow.secret.LocalSecretsProvider@3ff57625
Feb-21 05:14:50.224 [main] DEBUG nextflow.config.ConfigBuilder - Applying config profile: `standard`
Feb-21 05:21:59.714 [main] DEBUG nextflow.cli.CmdRun - Applied DSL=2 from script declaration
Feb-21 05:21:59.753 [main] DEBUG nextflow.cli.CmdRun - Launching `/home/songz/gaoz/GZ_Project_2026/rnaseq-3.12.0/main.nf` [gloomy_leakey] DSL2 - revision: f421ddc35d
Feb-21 05:21:59.758 [main] DEBUG nextflow.plugin.PluginsFacade - Plugins default=[]
Feb-21 05:21:59.758 [main] DEBUG nextflow.plugin.PluginsFacade - Plugins resolved requirement=[]
Feb-21 05:21:59.906 [main] DEBUG nextflow.Session - Session UUID: f0630b99-1787-42ac-a8dc-99cbe9d3d9ef
Feb-21 05:21:59.907 [main] DEBUG nextflow.Session - Run name: gloomy_leakey
Feb-21 05:21:59.908 [main] DEBUG nextflow.Session - Executor pool size: 56
Feb-21 05:21:59.928 [main] DEBUG nextflow.file.FilePorter - File porter settings maxRetries=3; maxTransfers=50; pollTimeout=null
Feb-21 05:21:59.942 [main] DEBUG nextflow.util.ThreadPoolBuilder - Creating thread pool 'FileTransfer' minSize=10; maxSize=168; workQueue=LinkedBlockingQueue[-1]; allowCoreThreadTimeout=false
Feb-21 05:22:00.009 [main] DEBUG nextflow.cli.CmdRun - 
  Version: 24.10.5 build 5935
  Created: 04-03-2025 17:55 UTC (05-03-2025 01:55 CDT)
  System: Linux 6.5.0-28-generic
  Runtime: Groovy 4.0.23 on OpenJDK 64-Bit Server VM 23.0.2-internal-adhoc.conda.src
  Encoding: UTF-8 (UTF-8)
  Process: 1077460@ylxt-Super-Server [127.0.1.1]
  CPUs: 56 - Mem: 440.7 GB (116.8 GB) - Swap: 2 GB (3.3 MB)
Feb-21 05:22:00.131 [main] DEBUG nextflow.Session - Work-dir: /home/songz/gaoz/work/01_Junqiang_Ding_0216 [xfs]
Feb-21 05:22:00.263 [main] DEBUG nextflow.executor.ExecutorFactory - Extension executors providers=[]
Feb-21 05:22:00.282 [main] DEBUG nextflow.Session - Observer factory: DefaultObserverFactory
Feb-21 05:22:00.429 [main] DEBUG nextflow.cache.CacheFactory - Using Nextflow cache factory: nextflow.cache.DefaultCacheFactory
Feb-21 05:22:00.453 [main] DEBUG nextflow.util.CustomThreadPool - Creating default thread pool > poolSize: 57; maxThreads: 1000
Feb-21 05:22:00.709 [main] DEBUG nextflow.Session - Session start
Feb-21 05:22:00.718 [main] DEBUG nextflow.trace.TraceFileObserver - Workflow started -- trace file: /home/songz/gaoz/GZ_Project_2026/01_Junqiang_Ding_0216/results/pipeline_info/execution_trace_2026-02-21_05-21-57.txt
Feb-21 05:22:00.734 [main] DEBUG nextflow.Session - Using default localLib path: /home/songz/gaoz/GZ_Project_2026/rnaseq-3.12.0/lib
Feb-21 05:22:00.745 [main] DEBUG nextflow.Session - Adding to the classpath library: /home/songz/gaoz/GZ_Project_2026/rnaseq-3.12.0/lib
Feb-21 05:22:00.747 [main] DEBUG nextflow.Session - Adding to the classpath library: /home/songz/gaoz/GZ_Project_2026/rnaseq-3.12.0/lib/nfcore_external_java_deps.jar
Feb-21 05:22:02.985 [main] DEBUG nextflow.script.ScriptRunner - > Launching execution
Feb-21 05:22:03.167 [main] INFO  nextflow.Nextflow - 

-[2m----------------------------------------------------[0m-
                                        [0;32m,--.[0;30m/[0;32m,-.[0m
[0;34m        ___     __   __   __   ___     [0;32m/,-._.--~'[0m
[0;34m  |\ | |__  __ /  ` /  \ |__) |__         [0;33m}  {[0m
[0;34m  | \| |       \__, \__/ |  \ |___     [0;32m\`-._,-`-,[0m
                                        [0;32m`._,._,'[0m
[0;35m  nf-core/rnaseq v3.12.0[0m
-[2m----------------------------------------------------[0m-
[1mCore Nextflow options[0m
  [0;34mrunName        : [0;32mgloomy_leakey[0m
  [0;34mlaunchDir      : [0;32m/home/songz/gaoz/GZ_Project_2026/01_Junqiang_Ding_0216[0m
  [0;34mworkDir        : [0;32m/home/songz/gaoz/work/01_Junqiang_Ding_0216[0m
  [0;34mprojectDir     : [0;32m/home/songz/gaoz/GZ_Project_2026/rnaseq-3.12.0[0m
  [0;34muserName       : [0;32msongz[0m
  [0;34mprofile        : [0;32mstandard[0m
  [0;34mconfigFiles    : [0;32m/home/songz/gaoz/GZ_Project_2026/rnaseq-3.12.0/nextflow.config[0m

[1mInput/output options[0m
  [0;34minput          : [0;32m./samplesheet_full.csv[0m
  [0;34moutdir         : [0;32m./results[0m

[1mReference genome options[0m
  [0;34mfasta          : [0;32m/home/songz/lhn_work/database/02.genome/mouse_reference/Mus_musculus.fasta[0m
  [0;34mgtf            : [0;32m/home/songz/lhn_work/database/02.genome/mouse_reference/Mus_musculus.gtf[0m

[1mProcess skipping options[0m
  [0;34mskip_dupradar  : [0;32mtrue[0m
  [0;34mskip_rseqc     : [0;32mtrue[0m
  [0;34mskip_biotype_qc: [0;32mtrue[0m

[1mMax job request options[0m
  [0;34mmax_memory     : [0;32m64.GB[0m

!! Only displaying parameters that differ from the pipeline defaults !!
-[2m----------------------------------------------------[0m-
If you use nf-core/rnaseq for your analysis please cite:

* The pipeline
  https://doi.org/10.5281/zenodo.1400710

* The nf-core framework
  https://doi.org/10.1038/s41587-020-0439-x

* Software dependencies
  https://github.com/nf-core/rnaseq/blob/master/CITATIONS.md
-[2m----------------------------------------------------[0m-
Feb-21 05:22:03.809 [main] WARN  nextflow.Nextflow - [nf-core/rnaseq] You are attempting to run the pipeline without any custom configuration!

This will be dependent on your local compute environment but can be achieved via one or more of the following:
   (1) Using an existing pipeline profile e.g. `-profile docker` or `-profile singularity`
   (2) Using an existing nf-core/configs for your Institution e.g. `-profile crick` or `-profile uppmax`
   (3) Using your own local custom config e.g. `-c /path/to/your/custom.config`

Please refer to the quick start section and usage docs for the pipeline.
 
Feb-21 05:22:21.133 [main] DEBUG nextflow.script.ProcessConfig - Config settings `withLabel:process_low` matches labels `process_low` for process with name NFCORE_RNASEQ:RNASEQ:PREPARE_GENOME:GTF2BED
Feb-21 05:22:21.139 [main] DEBUG nextflow.script.ProcessConfig - Config settings `withName:GTF2BED` matches process NFCORE_RNASEQ:RNASEQ:PREPARE_GENOME:GTF2BED
Feb-21 05:22:21.172 [main] DEBUG nextflow.executor.ExecutorFactory - << taskConfig executor: null
Feb-21 05:22:21.173 [main] DEBUG nextflow.executor.ExecutorFactory - >> processorType: 'local'
Feb-21 05:22:21.190 [main] DEBUG nextflow.executor.Executor - [warm up] executor > local
Feb-21 05:22:21.205 [main] DEBUG n.processor.LocalPollingMonitor - Creating local task monitor for executor 'local' > cpus=56; memory=440.7 GB; capacity=56; pollInterval=100ms; dumpInterval=5m
Feb-21 05:22:21.211 [main] DEBUG n.processor.TaskPollingMonitor - >>> barrier register (monitor: local)
Feb-21 05:22:21.436 [main] DEBUG nextflow.script.ProcessConfig - Config settings `withName:GTF_GENE_FILTER` matches process NFCORE_RNASEQ:RNASEQ:PREPARE_GENOME:GTF_GENE_FILTER
Feb-21 05:22:21.447 [main] DEBUG nextflow.executor.ExecutorFactory - << taskConfig executor: null
Feb-21 05:22:21.447 [main] DEBUG nextflow.executor.ExecutorFactory - >> processorType: 'local'
Feb-21 05:22:21.468 [main] DEBUG nextflow.script.ProcessConfig - Config settings `withLabel:process_high` matches labels `process_high` for process with name NFCORE_RNASEQ:RNASEQ:PREPARE_GENOME:MAKE_TRANSCRIPTS_FASTA
Feb-21 05:22:21.473 [main] DEBUG nextflow.script.ProcessConfig - Config settings `withName:GUNZIP_.*|MAKE_TRANSCRIPTS_FASTA` matches process NFCORE_RNASEQ:RNASEQ:PREPARE_GENOME:MAKE_TRANSCRIPTS_FASTA
Feb-21 05:22:21.483 [main] DEBUG nextflow.executor.ExecutorFactory - << taskConfig executor: null
Feb-21 05:22:21.483 [main] DEBUG nextflow.executor.ExecutorFactory - >> processorType: 'local'
Feb-21 05:22:21.585 [main] DEBUG nextflow.script.ProcessConfig - Config settings `withLabel:process_single` matches labels `process_single` for process with name NFCORE_RNASEQ:RNASEQ:PREPARE_GENOME:CUSTOM_GETCHROMSIZES
Feb-21 05:22:21.587 [main] DEBUG nextflow.script.ProcessConfig - Config settings `withName:CUSTOM_GETCHROMSIZES` matches process NFCORE_RNASEQ:RNASEQ:PREPARE_GENOME:CUSTOM_GETCHROMSIZES
Feb-21 05:22:21.599 [main] DEBUG nextflow.executor.ExecutorFactory - << taskConfig executor: null
Feb-21 05:22:21.600 [main] DEBUG nextflow.executor.ExecutorFactory - >> processorType: 'local'
Feb-21 05:22:21.632 [main] DEBUG nextflow.script.ProcessConfig - Config settings `withLabel:process_high` matches labels `process_high` for process with name NFCORE_RNASEQ:RNASEQ:PREPARE_GENOME:STAR_GENOMEGENERATE
Feb-21 05:22:21.637 [main] DEBUG nextflow.script.ProcessConfig - Config settings `withName:UNTAR_.*|STAR_GENOMEGENERATE|STAR_GENOMEGENERATE_IGENOMES|HISAT2_BUILD` matches process NFCORE_RNASEQ:RNASEQ:PREPARE_GENOME:STAR_GENOMEGENERATE
Feb-21 05:22:21.658 [main] DEBUG nextflow.executor.ExecutorFactory - << taskConfig executor: null
Feb-21 05:22:21.659 [main] DEBUG nextflow.executor.ExecutorFactory - >> processorType: 'local'
Feb-21 05:22:21.715 [main] DEBUG nextflow.script.ProcessConfig - Config settings `withLabel:process_single` matches labels `process_single` for process with name NFCORE_RNASEQ:RNASEQ:INPUT_CHECK:SAMPLESHEET_CHECK
Feb-21 05:22:21.717 [main] DEBUG nextflow.script.ProcessConfig - Config settings `withName:SAMPLESHEET_CHECK` matches process NFCORE_RNASEQ:RNASEQ:INPUT_CHECK:SAMPLESHEET_CHECK
Feb-21 05:22:21.724 [main] DEBUG nextflow.executor.ExecutorFactory - << taskConfig executor: null
Feb-21 05:22:21.725 [main] DEBUG nextflow.executor.ExecutorFactory - >> processorType: 'local'
Feb-21 05:22:21.847 [main] DEBUG nextflow.script.ProcessConfig - Config settings `withLabel:process_single` matches labels `process_single` for process with name NFCORE_RNASEQ:RNASEQ:CAT_FASTQ
Feb-21 05:22:21.850 [main] DEBUG nextflow.script.ProcessConfig - Config settings `withName:CAT_FASTQ` matches process NFCORE_RNASEQ:RNASEQ:CAT_FASTQ
Feb-21 05:22:21.864 [main] DEBUG nextflow.executor.ExecutorFactory - << taskConfig executor: null
Feb-21 05:22:21.865 [main] DEBUG nextflow.executor.ExecutorFactory - >> processorType: 'local'
Feb-21 05:22:21.970 [main] DEBUG nextflow.script.ProcessConfig - Config settings `withLabel:process_medium` matches labels `process_medium` for process with name NFCORE_RNASEQ:RNASEQ:FASTQ_SUBSAMPLE_FQ_SALMON:SALMON_INDEX
Feb-21 05:22:21.972 [main] DEBUG nextflow.script.ProcessConfig - Config settings `withName:SALMON_INDEX` matches process NFCORE_RNASEQ:RNASEQ:FASTQ_SUBSAMPLE_FQ_SALMON:SALMON_INDEX
Feb-21 05:22:21.990 [main] DEBUG nextflow.executor.ExecutorFactory - << taskConfig executor: null
Feb-21 05:22:21.990 [main] DEBUG nextflow.executor.ExecutorFactory - >> processorType: 'local'
Feb-21 05:22:22.010 [main] DEBUG nextflow.script.ProcessConfig - Config settings `withLabel:process_single` matches labels `process_single` for process with name NFCORE_RNASEQ:RNASEQ:FASTQ_SUBSAMPLE_FQ_SALMON:FQ_SUBSAMPLE
Feb-21 05:22:22.012 [main] DEBUG nextflow.script.ProcessConfig - Config settings `withName:FQ_SUBSAMPLE` matches process NFCORE_RNASEQ:RNASEQ:FASTQ_SUBSAMPLE_FQ_SALMON:FQ_SUBSAMPLE
Feb-21 05:22:22.018 [main] DEBUG nextflow.executor.ExecutorFactory - << taskConfig executor: null
Feb-21 05:22:22.019 [main] DEBUG nextflow.executor.ExecutorFactory - >> processorType: 'local'
Feb-21 05:22:22.050 [main] DEBUG nextflow.script.ProcessConfig - Config settings `withLabel:process_medium` matches labels `process_medium` for process with name NFCORE_RNASEQ:RNASEQ:FASTQ_SUBSAMPLE_FQ_SALMON:SALMON_QUANT
Feb-21 05:22:22.053 [main] DEBUG nextflow.script.ProcessConfig - Config settings `withName:.*:FASTQ_SUBSAMPLE_FQ_SALMON:SALMON_QUANT` matches process NFCORE_RNASEQ:RNASEQ:FASTQ_SUBSAMPLE_FQ_SALMON:SALMON_QUANT
Feb-21 05:22:22.062 [main] DEBUG nextflow.executor.ExecutorFactory - << taskConfig executor: null
Feb-21 05:22:22.062 [main] DEBUG nextflow.executor.ExecutorFactory - >> processorType: 'local'
Feb-21 05:22:22.156 [main] DEBUG nextflow.script.ProcessConfig - Config settings `withLabel:process_medium` matches labels `process_medium` for process with name NFCORE_RNASEQ:RNASEQ:FASTQ_FASTQC_UMITOOLS_TRIMGALORE:FASTQC
Feb-21 05:22:22.160 [main] DEBUG nextflow.script.ProcessConfig - Config settings `withName:.*:FASTQ_FASTQC_UMITOOLS_TRIMGALORE:FASTQC` matches process NFCORE_RNASEQ:RNASEQ:FASTQ_FASTQC_UMITOOLS_TRIMGALORE:FASTQC
Feb-21 05:22:22.168 [main] DEBUG nextflow.executor.ExecutorFactory - << taskConfig executor: null
Feb-21 05:22:22.168 [main] DEBUG nextflow.executor.ExecutorFactory - >> processorType: 'local'
Feb-21 05:22:22.230 [main] DEBUG nextflow.script.ProcessConfig - Config settings `withLabel:process_high` matches labels `process_high` for process with name NFCORE_RNASEQ:RNASEQ:FASTQ_FASTQC_UMITOOLS_TRIMGALORE:TRIMGALORE
Feb-21 05:22:22.233 [main] DEBUG nextflow.script.ProcessConfig - Config settings `withName:.*:FASTQ_FASTQC_UMITOOLS_TRIMGALORE:TRIMGALORE` matches process NFCORE_RNASEQ:RNASEQ:FASTQ_FASTQC_UMITOOLS_TRIMGALORE:TRIMGALORE
Feb-21 05:22:22.243 [main] DEBUG nextflow.executor.ExecutorFactory - << taskConfig executor: null
Feb-21 05:22:22.244 [main] DEBUG nextflow.executor.ExecutorFactory - >> processorType: 'local'
Feb-21 05:22:22.444 [main] DEBUG nextflow.script.ProcessConfig - Config settings `withLabel:process_high` matches labels `process_high` for process with name NFCORE_RNASEQ:RNASEQ:ALIGN_STAR:STAR_ALIGN
Feb-21 05:22:22.448 [main] DEBUG nextflow.script.ProcessConfig - Config settings `withName:.*:ALIGN_STAR:STAR_ALIGN|.*:ALIGN_STAR:STAR_ALIGN_IGENOMES` matches process NFCORE_RNASEQ:RNASEQ:ALIGN_STAR:STAR_ALIGN
Feb-21 05:22:22.467 [main] DEBUG nextflow.executor.ExecutorFactory - << taskConfig executor: null
Feb-21 05:22:22.467 [main] DEBUG nextflow.executor.ExecutorFactory - >> processorType: 'local'
Feb-21 05:22:22.560 [main] DEBUG nextflow.script.ProcessConfig - Config settings `withLabel:process_medium` matches labels `process_medium` for process with name NFCORE_RNASEQ:RNASEQ:ALIGN_STAR:BAM_SORT_STATS_SAMTOOLS:SAMTOOLS_SORT
Feb-21 05:22:22.565 [main] DEBUG nextflow.script.ProcessConfig - Config settings `withName:NFCORE_RNASEQ:RNASEQ:.*:BAM_SORT_STATS_SAMTOOLS:SAMTOOLS_SORT` matches process NFCORE_RNASEQ:RNASEQ:ALIGN_STAR:BAM_SORT_STATS_SAMTOOLS:SAMTOOLS_SORT
Feb-21 05:22:22.572 [main] DEBUG nextflow.executor.ExecutorFactory - << taskConfig executor: null
Feb-21 05:22:22.575 [main] DEBUG nextflow.executor.ExecutorFactory - >> processorType: 'local'
Feb-21 05:22:22.619 [main] DEBUG nextflow.script.ProcessConfig - Config settings `withLabel:process_low` matches labels `process_low` for process with name NFCORE_RNASEQ:RNASEQ:ALIGN_STAR:BAM_SORT_STATS_SAMTOOLS:SAMTOOLS_INDEX
Feb-21 05:22:22.628 [main] DEBUG nextflow.script.ProcessConfig - Config settings `withName:NFCORE_RNASEQ:RNASEQ:.*:BAM_SORT_STATS_SAMTOOLS:SAMTOOLS_INDEX` matches process NFCORE_RNASEQ:RNASEQ:ALIGN_STAR:BAM_SORT_STATS_SAMTOOLS:SAMTOOLS_INDEX
Feb-21 05:22:22.642 [main] DEBUG nextflow.executor.ExecutorFactory - << taskConfig executor: null
Feb-21 05:22:22.642 [main] DEBUG nextflow.executor.ExecutorFactory - >> processorType: 'local'
Feb-21 05:22:22.730 [main] DEBUG nextflow.script.ProcessConfig - Config settings `withLabel:process_single` matches labels `process_single` for process with name NFCORE_RNASEQ:RNASEQ:ALIGN_STAR:BAM_SORT_STATS_SAMTOOLS:BAM_STATS_SAMTOOLS:SAMTOOLS_STATS
Feb-21 05:22:22.737 [main] DEBUG nextflow.script.ProcessConfig - Config settings `withName:NFCORE_RNASEQ:RNASEQ:.*:BAM_SORT_STATS_SAMTOOLS:BAM_STATS_SAMTOOLS:.*` matches process NFCORE_RNASEQ:RNASEQ:ALIGN_STAR:BAM_SORT_STATS_SAMTOOLS:BAM_STATS_SAMTOOLS:SAMTOOLS_STATS
Feb-21 05:22:22.745 [main] DEBUG nextflow.executor.ExecutorFactory - << taskConfig executor: null
Feb-21 05:22:22.746 [main] DEBUG nextflow.executor.ExecutorFactory - >> processorType: 'local'
Feb-21 05:22:22.774 [main] DEBUG nextflow.script.ProcessConfig - Config settings `withLabel:process_single` matches labels `process_single` for process with name NFCORE_RNASEQ:RNASEQ:ALIGN_STAR:BAM_SORT_STATS_SAMTOOLS:BAM_STATS_SAMTOOLS:SAMTOOLS_FLAGSTAT
Feb-21 05:22:22.798 [main] DEBUG nextflow.script.ProcessConfig - Config settings `withName:NFCORE_RNASEQ:RNASEQ:.*:BAM_SORT_STATS_SAMTOOLS:BAM_STATS_SAMTOOLS:.*` matches process NFCORE_RNASEQ:RNASEQ:ALIGN_STAR:BAM_SORT_STATS_SAMTOOLS:BAM_STATS_SAMTOOLS:SAMTOOLS_FLAGSTAT
Feb-21 05:22:22.805 [main] DEBUG nextflow.executor.ExecutorFactory - << taskConfig executor: null
Feb-21 05:22:22.806 [main] DEBUG nextflow.executor.ExecutorFactory - >> processorType: 'local'
Feb-21 05:22:22.849 [main] DEBUG nextflow.script.ProcessConfig - Config settings `withLabel:process_single` matches labels `process_single` for process with name NFCORE_RNASEQ:RNASEQ:ALIGN_STAR:BAM_SORT_STATS_SAMTOOLS:BAM_STATS_SAMTOOLS:SAMTOOLS_IDXSTATS
Feb-21 05:22:22.854 [main] DEBUG nextflow.script.ProcessConfig - Config settings `withName:NFCORE_RNASEQ:RNASEQ:.*:BAM_SORT_STATS_SAMTOOLS:BAM_STATS_SAMTOOLS:.*` matches process NFCORE_RNASEQ:RNASEQ:ALIGN_STAR:BAM_SORT_STATS_SAMTOOLS:BAM_STATS_SAMTOOLS:SAMTOOLS_IDXSTATS
Feb-21 05:22:22.859 [main] DEBUG nextflow.executor.ExecutorFactory - << taskConfig executor: null
Feb-21 05:22:22.860 [main] DEBUG nextflow.executor.ExecutorFactory - >> processorType: 'local'
Feb-21 05:22:22.974 [main] DEBUG nextflow.script.ProcessConfig - Config settings `withLabel:process_medium` matches labels `process_medium` for process with name NFCORE_RNASEQ:RNASEQ:QUANTIFY_STAR_SALMON:SALMON_QUANT
Feb-21 05:22:22.979 [main] DEBUG nextflow.script.ProcessConfig - Config settings `withName:.*:QUANTIFY_STAR_SALMON:SALMON_QUANT` matches process NFCORE_RNASEQ:RNASEQ:QUANTIFY_STAR_SALMON:SALMON_QUANT
Feb-21 05:22:23.006 [main] DEBUG nextflow.executor.ExecutorFactory - << taskConfig executor: null
Feb-21 05:22:23.007 [main] DEBUG nextflow.executor.ExecutorFactory - >> processorType: 'local'
Feb-21 05:22:23.055 [main] DEBUG nextflow.script.ProcessConfig - Config settings `withLabel:process_low` matches labels `process_low` for process with name NFCORE_RNASEQ:RNASEQ:QUANTIFY_STAR_SALMON:SALMON_TX2GENE
Feb-21 05:22:23.059 [main] DEBUG nextflow.script.ProcessConfig - Config settings `withName:.*:QUANTIFY_STAR_SALMON:SALMON_TX2GENE` matches process NFCORE_RNASEQ:RNASEQ:QUANTIFY_STAR_SALMON:SALMON_TX2GENE
Feb-21 05:22:23.065 [main] DEBUG nextflow.executor.ExecutorFactory - << taskConfig executor: null
Feb-21 05:22:23.066 [main] DEBUG nextflow.executor.ExecutorFactory - >> processorType: 'local'
Feb-21 05:22:23.100 [main] DEBUG nextflow.script.ProcessConfig - Config settings `withLabel:process_medium` matches labels `process_medium` for process with name NFCORE_RNASEQ:RNASEQ:QUANTIFY_STAR_SALMON:SALMON_TXIMPORT
Feb-21 05:22:23.104 [main] DEBUG nextflow.script.ProcessConfig - Config settings `withName:.*:QUANTIFY_STAR_SALMON:SALMON_TXIMPORT` matches process NFCORE_RNASEQ:RNASEQ:QUANTIFY_STAR_SALMON:SALMON_TXIMPORT
Feb-21 05:22:23.108 [main] DEBUG nextflow.executor.ExecutorFactory - << taskConfig executor: null
Feb-21 05:22:23.109 [main] DEBUG nextflow.executor.ExecutorFactory - >> processorType: 'local'
Feb-21 05:22:23.169 [main] DEBUG nextflow.script.ProcessConfig - Config settings `withLabel:process_medium` matches labels `process_medium` for process with name NFCORE_RNASEQ:RNASEQ:QUANTIFY_STAR_SALMON:SALMON_SE_GENE
Feb-21 05:22:23.177 [main] DEBUG nextflow.script.ProcessConfig - Config settings `withName:.*:QUANTIFY_STAR_SALMON:SALMON_SE_.*` matches process NFCORE_RNASEQ:RNASEQ:QUANTIFY_STAR_SALMON:SALMON_SE_GENE
Feb-21 05:22:23.183 [main] DEBUG nextflow.executor.ExecutorFactory - << taskConfig executor: null
Feb-21 05:22:23.184 [main] DEBUG nextflow.executor.ExecutorFactory - >> processorType: 'local'
Feb-21 05:22:23.232 [main] DEBUG nextflow.script.ProcessConfig - Config settings `withLabel:process_medium` matches labels `process_medium` for process with name NFCORE_RNASEQ:RNASEQ:QUANTIFY_STAR_SALMON:SALMON_SE_GENE_LENGTH_SCALED
Feb-21 05:22:23.241 [main] DEBUG nextflow.script.ProcessConfig - Config settings `withName:.*:QUANTIFY_STAR_SALMON:SALMON_SE_.*` matches process NFCORE_RNASEQ:RNASEQ:QUANTIFY_STAR_SALMON:SALMON_SE_GENE_LENGTH_SCALED
Feb-21 05:22:23.248 [main] DEBUG nextflow.executor.ExecutorFactory - << taskConfig executor: null
Feb-21 05:22:23.248 [main] DEBUG nextflow.executor.ExecutorFactory - >> processorType: 'local'
Feb-21 05:22:23.300 [main] DEBUG nextflow.script.ProcessConfig - Config settings `withLabel:process_medium` matches labels `process_medium` for process with name NFCORE_RNASEQ:RNASEQ:QUANTIFY_STAR_SALMON:SALMON_SE_GENE_SCALED
Feb-21 05:22:23.309 [main] DEBUG nextflow.script.ProcessConfig - Config settings `withName:.*:QUANTIFY_STAR_SALMON:SALMON_SE_.*` matches process NFCORE_RNASEQ:RNASEQ:QUANTIFY_STAR_SALMON:SALMON_SE_GENE_SCALED
Feb-21 05:22:23.316 [main] DEBUG nextflow.executor.ExecutorFactory - << taskConfig executor: null
Feb-21 05:22:23.317 [main] DEBUG nextflow.executor.ExecutorFactory - >> processorType: 'local'
Feb-21 05:22:23.341 [main] DEBUG nextflow.script.ProcessConfig - Config settings `withLabel:process_medium` matches labels `process_medium` for process with name NFCORE_RNASEQ:RNASEQ:QUANTIFY_STAR_SALMON:SALMON_SE_TRANSCRIPT
Feb-21 05:22:23.349 [main] DEBUG nextflow.script.ProcessConfig - Config settings `withName:.*:QUANTIFY_STAR_SALMON:SALMON_SE_.*` matches process NFCORE_RNASEQ:RNASEQ:QUANTIFY_STAR_SALMON:SALMON_SE_TRANSCRIPT
Feb-21 05:22:23.355 [main] DEBUG nextflow.executor.ExecutorFactory - << taskConfig executor: null
Feb-21 05:22:23.357 [main] DEBUG nextflow.executor.ExecutorFactory - >> processorType: 'local'
Feb-21 05:22:23.404 [main] DEBUG nextflow.script.ProcessConfig - Config settings `withLabel:process_medium` matches labels `process_medium` for process with name NFCORE_RNASEQ:RNASEQ:DESEQ2_QC_STAR_SALMON
Feb-21 05:22:23.408 [main] DEBUG nextflow.script.ProcessConfig - Config settings `withName:DESEQ2_QC_STAR_SALMON` matches process NFCORE_RNASEQ:RNASEQ:DESEQ2_QC_STAR_SALMON
Feb-21 05:22:23.415 [main] DEBUG nextflow.executor.ExecutorFactory - << taskConfig executor: null
Feb-21 05:22:23.415 [main] DEBUG nextflow.executor.ExecutorFactory - >> processorType: 'local'
Feb-21 05:22:23.605 [main] DEBUG nextflow.script.ProcessConfig - Config settings `withLabel:process_medium` matches labels `process_medium` for process with name NFCORE_RNASEQ:RNASEQ:BAM_MARKDUPLICATES_PICARD:PICARD_MARKDUPLICATES
Feb-21 05:22:23.612 [main] DEBUG nextflow.script.ProcessConfig - Config settings `withName:.*:BAM_MARKDUPLICATES_PICARD:PICARD_MARKDUPLICATES` matches process NFCORE_RNASEQ:RNASEQ:BAM_MARKDUPLICATES_PICARD:PICARD_MARKDUPLICATES
Feb-21 05:22:23.629 [main] DEBUG nextflow.executor.ExecutorFactory - << taskConfig executor: null
Feb-21 05:22:23.630 [main] DEBUG nextflow.executor.ExecutorFactory - >> processorType: 'local'
Feb-21 05:22:23.702 [main] DEBUG nextflow.script.ProcessConfig - Config settings `withLabel:process_low` matches labels `process_low` for process with name NFCORE_RNASEQ:RNASEQ:BAM_MARKDUPLICATES_PICARD:SAMTOOLS_INDEX
Feb-21 05:22:23.706 [main] DEBUG nextflow.script.ProcessConfig - Config settings `withName:.*:BAM_MARKDUPLICATES_PICARD:SAMTOOLS_INDEX` matches process NFCORE_RNASEQ:RNASEQ:BAM_MARKDUPLICATES_PICARD:SAMTOOLS_INDEX
Feb-21 05:22:23.713 [main] DEBUG nextflow.executor.ExecutorFactory - << taskConfig executor: null
Feb-21 05:22:23.713 [main] DEBUG nextflow.executor.ExecutorFactory - >> processorType: 'local'
Feb-21 05:22:23.805 [main] DEBUG nextflow.script.ProcessConfig - Config settings `withLabel:process_single` matches labels `process_single` for process with name NFCORE_RNASEQ:RNASEQ:BAM_MARKDUPLICATES_PICARD:BAM_STATS_SAMTOOLS:SAMTOOLS_STATS
Feb-21 05:22:23.808 [main] DEBUG nextflow.script.ProcessConfig - Config settings `withName:.*:BAM_MARKDUPLICATES_PICARD:BAM_STATS_SAMTOOLS:.*` matches process NFCORE_RNASEQ:RNASEQ:BAM_MARKDUPLICATES_PICARD:BAM_STATS_SAMTOOLS:SAMTOOLS_STATS
Feb-21 05:22:23.817 [main] DEBUG nextflow.executor.ExecutorFactory - << taskConfig executor: null
Feb-21 05:22:23.818 [main] DEBUG nextflow.executor.ExecutorFactory - >> processorType: 'local'
Feb-21 05:22:23.876 [main] DEBUG nextflow.script.ProcessConfig - Config settings `withLabel:process_single` matches labels `process_single` for process with name NFCORE_RNASEQ:RNASEQ:BAM_MARKDUPLICATES_PICARD:BAM_STATS_SAMTOOLS:SAMTOOLS_FLAGSTAT
Feb-21 05:22:23.880 [main] DEBUG nextflow.script.ProcessConfig - Config settings `withName:.*:BAM_MARKDUPLICATES_PICARD:BAM_STATS_SAMTOOLS:.*` matches process NFCORE_RNASEQ:RNASEQ:BAM_MARKDUPLICATES_PICARD:BAM_STATS_SAMTOOLS:SAMTOOLS_FLAGSTAT
Feb-21 05:22:23.886 [main] DEBUG nextflow.executor.ExecutorFactory - << taskConfig executor: null
Feb-21 05:22:23.887 [main] DEBUG nextflow.executor.ExecutorFactory - >> processorType: 'local'
Feb-21 05:22:23.938 [main] DEBUG nextflow.script.ProcessConfig - Config settings `withLabel:process_single` matches labels `process_single` for process with name NFCORE_RNASEQ:RNASEQ:BAM_MARKDUPLICATES_PICARD:BAM_STATS_SAMTOOLS:SAMTOOLS_IDXSTATS
Feb-21 05:22:23.941 [main] DEBUG nextflow.script.ProcessConfig - Config settings `withName:.*:BAM_MARKDUPLICATES_PICARD:BAM_STATS_SAMTOOLS:.*` matches process NFCORE_RNASEQ:RNASEQ:BAM_MARKDUPLICATES_PICARD:BAM_STATS_SAMTOOLS:SAMTOOLS_IDXSTATS
Feb-21 05:22:23.946 [main] DEBUG nextflow.executor.ExecutorFactory - << taskConfig executor: null
Feb-21 05:22:23.946 [main] DEBUG nextflow.executor.ExecutorFactory - >> processorType: 'local'
Feb-21 05:22:24.030 [main] DEBUG nextflow.script.ProcessConfig - Config settings `withLabel:process_medium` matches labels `process_medium` for process with name NFCORE_RNASEQ:RNASEQ:STRINGTIE_STRINGTIE
Feb-21 05:22:24.032 [main] DEBUG nextflow.script.ProcessConfig - Config settings `withName:STRINGTIE_STRINGTIE` matches process NFCORE_RNASEQ:RNASEQ:STRINGTIE_STRINGTIE
Feb-21 05:22:24.041 [main] DEBUG nextflow.executor.ExecutorFactory - << taskConfig executor: null
Feb-21 05:22:24.042 [main] DEBUG nextflow.executor.ExecutorFactory - >> processorType: 'local'
Feb-21 05:22:24.087 [main] DEBUG nextflow.script.ProcessConfig - Config settings `withLabel:process_medium` matches labels `process_medium` for process with name NFCORE_RNASEQ:RNASEQ:BEDTOOLS_GENOMECOV
Feb-21 05:22:24.090 [main] DEBUG nextflow.script.ProcessConfig - Config settings `withName:BEDTOOLS_GENOMECOV` matches process NFCORE_RNASEQ:RNASEQ:BEDTOOLS_GENOMECOV
Feb-21 05:22:24.103 [main] DEBUG nextflow.executor.ExecutorFactory - << taskConfig executor: null
Feb-21 05:22:24.103 [main] DEBUG nextflow.executor.ExecutorFactory - >> processorType: 'local'
Feb-21 05:22:24.146 [main] DEBUG nextflow.script.ProcessConfig - Config settings `withLabel:process_medium` matches labels `process_medium` for process with name NFCORE_RNASEQ:RNASEQ:BEDGRAPH_BEDCLIP_BEDGRAPHTOBIGWIG_FORWARD:UCSC_BEDCLIP
Feb-21 05:22:24.150 [main] DEBUG nextflow.script.ProcessConfig - Config settings `withName:.*:BEDGRAPH_BEDCLIP_BEDGRAPHTOBIGWIG_FORWARD:UCSC_BEDCLIP` matches process NFCORE_RNASEQ:RNASEQ:BEDGRAPH_BEDCLIP_BEDGRAPHTOBIGWIG_FORWARD:UCSC_BEDCLIP
Feb-21 05:22:24.155 [main] DEBUG nextflow.executor.ExecutorFactory - << taskConfig executor: null
Feb-21 05:22:24.155 [main] DEBUG nextflow.executor.ExecutorFactory - >> processorType: 'local'
Feb-21 05:22:24.196 [main] DEBUG nextflow.script.ProcessConfig - Config settings `withLabel:process_single` matches labels `process_single` for process with name NFCORE_RNASEQ:RNASEQ:BEDGRAPH_BEDCLIP_BEDGRAPHTOBIGWIG_FORWARD:UCSC_BEDGRAPHTOBIGWIG
Feb-21 05:22:24.200 [main] DEBUG nextflow.script.ProcessConfig - Config settings `withName:.*:BEDGRAPH_BEDCLIP_BEDGRAPHTOBIGWIG_FORWARD:UCSC_BEDGRAPHTOBIGWIG` matches process NFCORE_RNASEQ:RNASEQ:BEDGRAPH_BEDCLIP_BEDGRAPHTOBIGWIG_FORWARD:UCSC_BEDGRAPHTOBIGWIG
Feb-21 05:22:24.205 [main] DEBUG nextflow.executor.ExecutorFactory - << taskConfig executor: null
Feb-21 05:22:24.206 [main] DEBUG nextflow.executor.ExecutorFactory - >> processorType: 'local'
Feb-21 05:22:24.271 [main] DEBUG nextflow.script.ProcessConfig - Config settings `withLabel:process_medium` matches labels `process_medium` for process with name NFCORE_RNASEQ:RNASEQ:BEDGRAPH_BEDCLIP_BEDGRAPHTOBIGWIG_REVERSE:UCSC_BEDCLIP
Feb-21 05:22:24.275 [main] DEBUG nextflow.script.ProcessConfig - Config settings `withName:.*:BEDGRAPH_BEDCLIP_BEDGRAPHTOBIGWIG_REVERSE:UCSC_BEDCLIP` matches process NFCORE_RNASEQ:RNASEQ:BEDGRAPH_BEDCLIP_BEDGRAPHTOBIGWIG_REVERSE:UCSC_BEDCLIP
Feb-21 05:22:24.285 [main] DEBUG nextflow.executor.ExecutorFactory - << taskConfig executor: null
Feb-21 05:22:24.286 [main] DEBUG nextflow.executor.ExecutorFactory - >> processorType: 'local'
Feb-21 05:22:24.339 [main] DEBUG nextflow.script.ProcessConfig - Config settings `withLabel:process_single` matches labels `process_single` for process with name NFCORE_RNASEQ:RNASEQ:BEDGRAPH_BEDCLIP_BEDGRAPHTOBIGWIG_REVERSE:UCSC_BEDGRAPHTOBIGWIG
Feb-21 05:22:24.344 [main] DEBUG nextflow.script.ProcessConfig - Config settings `withName:.*:BEDGRAPH_BEDCLIP_BEDGRAPHTOBIGWIG_REVERSE:UCSC_BEDGRAPHTOBIGWIG` matches process NFCORE_RNASEQ:RNASEQ:BEDGRAPH_BEDCLIP_BEDGRAPHTOBIGWIG_REVERSE:UCSC_BEDGRAPHTOBIGWIG
Feb-21 05:22:24.349 [main] DEBUG nextflow.executor.ExecutorFactory - << taskConfig executor: null
Feb-21 05:22:24.361 [main] DEBUG nextflow.executor.ExecutorFactory - >> processorType: 'local'
Feb-21 05:22:24.451 [main] DEBUG nextflow.script.ProcessConfig - Config settings `withLabel:process_medium` matches labels `process_medium` for process with name NFCORE_RNASEQ:RNASEQ:QUALIMAP_RNASEQ
Feb-21 05:22:24.456 [main] DEBUG nextflow.script.ProcessConfig - Config settings `withName:QUALIMAP_RNASEQ` matches process NFCORE_RNASEQ:RNASEQ:QUALIMAP_RNASEQ
Feb-21 05:22:24.462 [main] DEBUG nextflow.executor.ExecutorFactory - << taskConfig executor: null
Feb-21 05:22:24.463 [main] DEBUG nextflow.executor.ExecutorFactory - >> processorType: 'local'
Feb-21 05:22:24.576 [main] DEBUG nextflow.script.ProcessConfig - Config settings `withLabel:process_single` matches labels `process_single` for process with name NFCORE_RNASEQ:RNASEQ:CUSTOM_DUMPSOFTWAREVERSIONS
Feb-21 05:22:24.578 [main] DEBUG nextflow.script.ProcessConfig - Config settings `withName:CUSTOM_DUMPSOFTWAREVERSIONS` matches process NFCORE_RNASEQ:RNASEQ:CUSTOM_DUMPSOFTWAREVERSIONS
Feb-21 05:22:24.585 [main] DEBUG nextflow.executor.ExecutorFactory - << taskConfig executor: null
Feb-21 05:22:24.585 [main] DEBUG nextflow.executor.ExecutorFactory - >> processorType: 'local'
Feb-21 05:22:25.488 [main] DEBUG nextflow.script.ProcessConfig - Config settings `withLabel:process_medium` matches labels `process_medium` for process with name NFCORE_RNASEQ:RNASEQ:MULTIQC
Feb-21 05:22:25.495 [main] DEBUG nextflow.script.ProcessConfig - Config settings `withName:MULTIQC` matches process NFCORE_RNASEQ:RNASEQ:MULTIQC
Feb-21 05:22:25.514 [main] DEBUG nextflow.executor.ExecutorFactory - << taskConfig executor: null
Feb-21 05:22:25.515 [main] DEBUG nextflow.executor.ExecutorFactory - >> processorType: 'local'
Feb-21 05:22:25.649 [main] DEBUG nextflow.Session - Workflow process names [dsl2]: DUPRADAR, NFCORE_RNASEQ:RNASEQ:FASTQ_FASTQC_UMITOOLS_TRIMGALORE:FASTQC, RSEM_PREPAREREFERENCE, NFCORE_RNASEQ:RNASEQ:BEDGRAPH_BEDCLIP_BEDGRAPHTOBIGWIG_FORWARD:UCSC_BEDCLIP, NFCORE_RNASEQ:RNASEQ:BAM_MARKDUPLICATES_PICARD:BAM_STATS_SAMTOOLS:SAMTOOLS_IDXSTATS, CAT_ADDITIONAL_FASTA, NFCORE_RNASEQ:RNASEQ:DESEQ2_QC_STAR_SALMON, DESEQ2_QC_SALMON, RSEQC_READDISTRIBUTION, NFCORE_RNASEQ:RNASEQ:ALIGN_STAR:STAR_ALIGN, NFCORE_RNASEQ:RNASEQ:CUSTOM_DUMPSOFTWAREVERSIONS, NFCORE_RNASEQ:RNASEQ:BAM_MARKDUPLICATES_PICARD:BAM_STATS_SAMTOOLS:SAMTOOLS_FLAGSTAT, GFFREAD, RSEQC_JUNCTIONSATURATION, RSEQC_READDUPLICATION, NFCORE_RNASEQ:RNASEQ:CAT_FASTQ, CAT_FASTQ, GUNZIP, NFCORE_RNASEQ:RNASEQ:PREPARE_GENOME:CUSTOM_GETCHROMSIZES, SAMTOOLS_STATS, NFCORE_RNASEQ:RNASEQ:QUANTIFY_STAR_SALMON:SALMON_QUANT, GUNZIP_GFF, HISAT2_BUILD, NFCORE_RNASEQ:RNASEQ:QUANTIFY_STAR_SALMON:SALMON_SE_GENE_SCALED, TRIMGALORE, BEDTOOLS_GENOMECOV, SALMON_TX2GENE, SORTMERNA, UMITOOLS_PREPAREFORRSEM, NFCORE_RNASEQ:RNASEQ:FASTQ_SUBSAMPLE_FQ_SALMON:FQ_SUBSAMPLE, SAMTOOLS_INDEX, NFCORE_RNASEQ:RNASEQ:BEDTOOLS_GENOMECOV, PRESEQ_LCEXTRAP, FASTQC, UCSC_BEDCLIP, NFCORE_RNASEQ:RNASEQ:QUANTIFY_STAR_SALMON:SALMON_TXIMPORT, UCSC_BEDGRAPHTOBIGWIG, NFCORE_RNASEQ:RNASEQ:ALIGN_STAR:BAM_SORT_STATS_SAMTOOLS:SAMTOOLS_INDEX, MULTIQC, GTF2BED, NFCORE_RNASEQ:RNASEQ:QUANTIFY_STAR_SALMON:SALMON_TX2GENE, GUNZIP_GTF, SALMON_INDEX, UMITOOLS_EXTRACT, UNTAR_HISAT2_INDEX, NFCORE_RNASEQ:RNASEQ:INPUT_CHECK:SAMPLESHEET_CHECK, UNTAR_BBSPLIT_INDEX, NFCORE_RNASEQ:RNASEQ:PREPARE_GENOME:GTF_GENE_FILTER, NFCORE_RNASEQ:RNASEQ:ALIGN_STAR:BAM_SORT_STATS_SAMTOOLS:BAM_STATS_SAMTOOLS:SAMTOOLS_IDXSTATS, SAMTOOLS_FLAGSTAT, SAMPLESHEET_CHECK, DESEQ2_QC_RSEM, GUNZIP_FASTA, RSEM_PREPAREREFERENCE_GENOME, UNTAR_RSEM_INDEX, NFCORE_RNASEQ:RNASEQ:PREPARE_GENOME:STAR_GENOMEGENERATE, SALMON_SE_GENE_SCALED, STAR_GENOMEGENERATE_IGENOMES, NFCORE_RNASEQ:RNASEQ:QUANTIFY_STAR_SALMON:SALMON_SE_TRANSCRIPT, SALMON_QUANT, MULTIQC_CUSTOM_BIOTYPE, DESEQ2_QC_STAR_SALMON, RSEM_CALCULATEEXPRESSION, NFCORE_RNASEQ:RNASEQ:BEDGRAPH_BEDCLIP_BEDGRAPHTOBIGWIG_REVERSE:UCSC_BEDGRAPHTOBIGWIG, GUNZIP_TRANSCRIPT_FASTA, MAKE_TRANSCRIPTS_FASTA, FASTQC_TRIM, SALMON_SE_GENE_LENGTH_SCALED, FQ_SUBSAMPLE, NFCORE_RNASEQ:RNASEQ:ALIGN_STAR:BAM_SORT_STATS_SAMTOOLS:BAM_STATS_SAMTOOLS:SAMTOOLS_STATS, FASTP, DESEQ2_QC, NFCORE_RNASEQ:RNASEQ:FASTQ_FASTQC_UMITOOLS_TRIMGALORE:TRIMGALORE, PICARD_MARKDUPLICATES, NFCORE_RNASEQ:RNASEQ:BEDGRAPH_BEDCLIP_BEDGRAPHTOBIGWIG_FORWARD:UCSC_BEDGRAPHTOBIGWIG, RSEM_MERGE_COUNTS, SALMON_SE_GENE, NFCORE_RNASEQ:RNASEQ:BAM_MARKDUPLICATES_PICARD:SAMTOOLS_INDEX, UNTAR, SALMON_SUMMARIZEDEXPERIMENT, FASTQC_RAW, NFCORE_RNASEQ:RNASEQ:BEDGRAPH_BEDCLIP_BEDGRAPHTOBIGWIG_REVERSE:UCSC_BEDCLIP, RSEQC_INNERDISTANCE, NFCORE_RNASEQ:RNASEQ:FASTQ_SUBSAMPLE_FQ_SALMON:SALMON_INDEX, GTF_GENE_FILTER, RSEQC_BAMSTAT, QUALIMAP_RNASEQ, RSEQC_INFEREXPERIMENT, NFCORE_RNASEQ:RNASEQ:STRINGTIE_STRINGTIE, NFCORE_RNASEQ:RNASEQ:BAM_MARKDUPLICATES_PICARD:PICARD_MARKDUPLICATES, STAR_ALIGN, RSEQC_JUNCTIONANNOTATION, SALMON_TXIMPORT, NFCORE_RNASEQ:RNASEQ:QUANTIFY_STAR_SALMON:SALMON_SE_GENE, CUSTOM_GETCHROMSIZES, STAR_ALIGN_IGENOMES, SAMTOOLS_SORT, SUBREAD_FEATURECOUNTS, NFCORE_RNASEQ:RNASEQ:BAM_MARKDUPLICATES_PICARD:BAM_STATS_SAMTOOLS:SAMTOOLS_STATS, GUNZIP_GENE_BED, UNTAR_STAR_INDEX, UNTAR_SALMON_INDEX, HISAT2_ALIGN, BBMAP_BBSPLIT, NFCORE_RNASEQ:RNASEQ:QUANTIFY_STAR_SALMON:SALMON_SE_GENE_LENGTH_SCALED, RSEQC_TIN, NFCORE_RNASEQ:RNASEQ:QUALIMAP_RNASEQ, UMITOOLS_PREPAREFORSALMON, UMITOOLS_DEDUP, STRINGTIE_STRINGTIE, SALMON_SE_TRANSCRIPT, HISAT2_EXTRACTSPLICESITES, NFCORE_RNASEQ:RNASEQ:FASTQ_SUBSAMPLE_FQ_SALMON:SALMON_QUANT, NFCORE_RNASEQ:RNASEQ:PREPARE_GENOME:GTF2BED, NFCORE_RNASEQ:RNASEQ:ALIGN_STAR:BAM_SORT_STATS_SAMTOOLS:SAMTOOLS_SORT, NFCORE_RNASEQ:RNASEQ:PREPARE_GENOME:MAKE_TRANSCRIPTS_FASTA, NFCORE_RNASEQ:RNASEQ:MULTIQC, SAMTOOLS_IDXSTATS, CUSTOM_DUMPSOFTWAREVERSIONS, STAR_GENOMEGENERATE, PREPROCESS_TRANSCRIPTS_FASTA_GENCODE, GUNZIP_ADDITIONAL_FASTA, NFCORE_RNASEQ:RNASEQ:ALIGN_STAR:BAM_SORT_STATS_SAMTOOLS:BAM_STATS_SAMTOOLS:SAMTOOLS_FLAGSTAT
Feb-21 05:22:25.749 [main] DEBUG nextflow.Session - Igniting dataflow network (115)
Feb-21 05:22:25.809 [main] DEBUG nextflow.processor.TaskProcessor - Starting process > NFCORE_RNASEQ:RNASEQ:PREPARE_GENOME:GTF2BED
Feb-21 05:22:25.817 [main] DEBUG nextflow.processor.TaskProcessor - Starting process > NFCORE_RNASEQ:RNASEQ:PREPARE_GENOME:GTF_GENE_FILTER
Feb-21 05:22:25.817 [main] DEBUG nextflow.processor.TaskProcessor - Starting process > NFCORE_RNASEQ:RNASEQ:PREPARE_GENOME:MAKE_TRANSCRIPTS_FASTA
Feb-21 05:22:25.817 [main] DEBUG nextflow.processor.TaskProcessor - Starting process > NFCORE_RNASEQ:RNASEQ:PREPARE_GENOME:CUSTOM_GETCHROMSIZES
Feb-21 05:22:25.817 [main] DEBUG nextflow.processor.TaskProcessor - Starting process > NFCORE_RNASEQ:RNASEQ:PREPARE_GENOME:STAR_GENOMEGENERATE
Feb-21 05:22:25.818 [main] DEBUG nextflow.processor.TaskProcessor - Starting process > NFCORE_RNASEQ:RNASEQ:INPUT_CHECK:SAMPLESHEET_CHECK
Feb-21 05:22:25.818 [main] DEBUG nextflow.processor.TaskProcessor - Starting process > NFCORE_RNASEQ:RNASEQ:CAT_FASTQ
Feb-21 05:22:25.818 [main] DEBUG nextflow.processor.TaskProcessor - Starting process > NFCORE_RNASEQ:RNASEQ:FASTQ_SUBSAMPLE_FQ_SALMON:SALMON_INDEX
Feb-21 05:22:25.818 [main] DEBUG nextflow.processor.TaskProcessor - Starting process > NFCORE_RNASEQ:RNASEQ:FASTQ_SUBSAMPLE_FQ_SALMON:FQ_SUBSAMPLE
Feb-21 05:22:25.818 [main] DEBUG nextflow.processor.TaskProcessor - Starting process > NFCORE_RNASEQ:RNASEQ:FASTQ_SUBSAMPLE_FQ_SALMON:SALMON_QUANT
Feb-21 05:22:25.819 [main] DEBUG nextflow.processor.TaskProcessor - Starting process > NFCORE_RNASEQ:RNASEQ:FASTQ_FASTQC_UMITOOLS_TRIMGALORE:FASTQC
Feb-21 05:22:25.819 [main] DEBUG nextflow.processor.TaskProcessor - Starting process > NFCORE_RNASEQ:RNASEQ:FASTQ_FASTQC_UMITOOLS_TRIMGALORE:TRIMGALORE
Feb-21 05:22:25.819 [main] DEBUG nextflow.processor.TaskProcessor - Starting process > NFCORE_RNASEQ:RNASEQ:ALIGN_STAR:STAR_ALIGN
Feb-21 05:22:25.820 [main] DEBUG nextflow.processor.TaskProcessor - Starting process > NFCORE_RNASEQ:RNASEQ:ALIGN_STAR:BAM_SORT_STATS_SAMTOOLS:SAMTOOLS_SORT
Feb-21 05:22:25.820 [main] DEBUG nextflow.processor.TaskProcessor - Starting process > NFCORE_RNASEQ:RNASEQ:ALIGN_STAR:BAM_SORT_STATS_SAMTOOLS:SAMTOOLS_INDEX
Feb-21 05:22:25.825 [main] DEBUG nextflow.processor.TaskProcessor - Starting process > NFCORE_RNASEQ:RNASEQ:ALIGN_STAR:BAM_SORT_STATS_SAMTOOLS:BAM_STATS_SAMTOOLS:SAMTOOLS_STATS
Feb-21 05:22:25.826 [main] DEBUG nextflow.processor.TaskProcessor - Starting process > NFCORE_RNASEQ:RNASEQ:ALIGN_STAR:BAM_SORT_STATS_SAMTOOLS:BAM_STATS_SAMTOOLS:SAMTOOLS_FLAGSTAT
Feb-21 05:22:25.826 [main] DEBUG nextflow.processor.TaskProcessor - Starting process > NFCORE_RNASEQ:RNASEQ:ALIGN_STAR:BAM_SORT_STATS_SAMTOOLS:BAM_STATS_SAMTOOLS:SAMTOOLS_IDXSTATS
Feb-21 05:22:25.829 [main] DEBUG nextflow.processor.TaskProcessor - Starting process > NFCORE_RNASEQ:RNASEQ:QUANTIFY_STAR_SALMON:SALMON_QUANT
Feb-21 05:22:25.832 [main] DEBUG nextflow.processor.TaskProcessor - Starting process > NFCORE_RNASEQ:RNASEQ:QUANTIFY_STAR_SALMON:SALMON_TX2GENE
Feb-21 05:22:25.832 [main] DEBUG nextflow.processor.TaskProcessor - Starting process > NFCORE_RNASEQ:RNASEQ:QUANTIFY_STAR_SALMON:SALMON_TXIMPORT
Feb-21 05:22:25.837 [main] DEBUG nextflow.processor.TaskProcessor - Starting process > NFCORE_RNASEQ:RNASEQ:QUANTIFY_STAR_SALMON:SALMON_SE_GENE
Feb-21 05:22:25.838 [main] DEBUG nextflow.processor.TaskProcessor - Starting process > NFCORE_RNASEQ:RNASEQ:QUANTIFY_STAR_SALMON:SALMON_SE_GENE_LENGTH_SCALED
Feb-21 05:22:25.838 [main] DEBUG nextflow.processor.TaskProcessor - Starting process > NFCORE_RNASEQ:RNASEQ:QUANTIFY_STAR_SALMON:SALMON_SE_GENE_SCALED
Feb-21 05:22:25.839 [main] DEBUG nextflow.processor.TaskProcessor - Starting process > NFCORE_RNASEQ:RNASEQ:QUANTIFY_STAR_SALMON:SALMON_SE_TRANSCRIPT
Feb-21 05:22:25.869 [main] DEBUG nextflow.processor.TaskProcessor - Starting process > NFCORE_RNASEQ:RNASEQ:DESEQ2_QC_STAR_SALMON
Feb-21 05:22:25.870 [main] DEBUG nextflow.processor.TaskProcessor - Starting process > NFCORE_RNASEQ:RNASEQ:BAM_MARKDUPLICATES_PICARD:PICARD_MARKDUPLICATES
Feb-21 05:22:25.871 [main] DEBUG nextflow.processor.TaskProcessor - Starting process > NFCORE_RNASEQ:RNASEQ:BAM_MARKDUPLICATES_PICARD:SAMTOOLS_INDEX
Feb-21 05:22:25.872 [main] DEBUG nextflow.processor.TaskProcessor - Starting process > NFCORE_RNASEQ:RNASEQ:BAM_MARKDUPLICATES_PICARD:BAM_STATS_SAMTOOLS:SAMTOOLS_STATS
Feb-21 05:22:25.872 [main] DEBUG nextflow.processor.TaskProcessor - Starting process > NFCORE_RNASEQ:RNASEQ:BAM_MARKDUPLICATES_PICARD:BAM_STATS_SAMTOOLS:SAMTOOLS_FLAGSTAT
Feb-21 05:22:25.872 [main] DEBUG nextflow.processor.TaskProcessor - Starting process > NFCORE_RNASEQ:RNASEQ:BAM_MARKDUPLICATES_PICARD:BAM_STATS_SAMTOOLS:SAMTOOLS_IDXSTATS
Feb-21 05:22:25.873 [main] DEBUG nextflow.processor.TaskProcessor - Starting process > NFCORE_RNASEQ:RNASEQ:STRINGTIE_STRINGTIE
Feb-21 05:22:25.873 [main] DEBUG nextflow.processor.TaskProcessor - Starting process > NFCORE_RNASEQ:RNASEQ:BEDTOOLS_GENOMECOV
Feb-21 05:22:25.874 [main] DEBUG nextflow.processor.TaskProcessor - Starting process > NFCORE_RNASEQ:RNASEQ:BEDGRAPH_BEDCLIP_BEDGRAPHTOBIGWIG_FORWARD:UCSC_BEDCLIP
Feb-21 05:22:25.878 [main] DEBUG nextflow.processor.TaskProcessor - Starting process > NFCORE_RNASEQ:RNASEQ:BEDGRAPH_BEDCLIP_BEDGRAPHTOBIGWIG_FORWARD:UCSC_BEDGRAPHTOBIGWIG
Feb-21 05:22:25.878 [main] DEBUG nextflow.processor.TaskProcessor - Starting process > NFCORE_RNASEQ:RNASEQ:BEDGRAPH_BEDCLIP_BEDGRAPHTOBIGWIG_REVERSE:UCSC_BEDCLIP
Feb-21 05:22:25.879 [main] DEBUG nextflow.processor.TaskProcessor - Starting process > NFCORE_RNASEQ:RNASEQ:BEDGRAPH_BEDCLIP_BEDGRAPHTOBIGWIG_REVERSE:UCSC_BEDGRAPHTOBIGWIG
Feb-21 05:22:25.882 [main] DEBUG nextflow.processor.TaskProcessor - Starting process > NFCORE_RNASEQ:RNASEQ:QUALIMAP_RNASEQ
Feb-21 05:22:25.882 [main] DEBUG nextflow.processor.TaskProcessor - Starting process > NFCORE_RNASEQ:RNASEQ:CUSTOM_DUMPSOFTWAREVERSIONS
Feb-21 05:22:25.883 [main] DEBUG nextflow.processor.TaskProcessor - Starting process > NFCORE_RNASEQ:RNASEQ:MULTIQC
Feb-21 05:22:25.888 [Actor Thread 45] DEBUG nextflow.file.SortFileCollector - FileCollector temp dir not removed: null
Feb-21 05:22:25.892 [main] DEBUG nextflow.script.ScriptRunner - Parsed script files:
  Script_6b19e24a26493d52: /home/songz/gaoz/GZ_Project_2026/rnaseq-3.12.0/./workflows/../modules/nf-core/sortmerna/main.nf
  Script_577c3adc396679b6: /home/songz/gaoz/GZ_Project_2026/rnaseq-3.12.0/./workflows/../subworkflows/local/quantify_rsem.nf
  Script_f7f51945319d0b5a: /home/songz/gaoz/GZ_Project_2026/rnaseq-3.12.0/./workflows/../subworkflows/nf-core/bam_rseqc/../../../modules/nf-core/rseqc/innerdistance/main.nf
  Script_d796aa85128d1482: /home/songz/gaoz/GZ_Project_2026/rnaseq-3.12.0/./workflows/../subworkflows/nf-core/fastq_fastqc_umitools_trimgalore/../../../modules/nf-core/trimgalore/main.nf
  Script_cdbce3e23a8f89e8: /home/songz/gaoz/GZ_Project_2026/rnaseq-3.12.0/./workflows/../subworkflows/nf-core/bam_sort_stats_samtools/../bam_stats_samtools/main.nf
  Script_61c3ce7fada41b46: /home/songz/gaoz/GZ_Project_2026/rnaseq-3.12.0/./workflows/../modules/local/multiqc_custom_biotype.nf
  Script_de8a655a1ec0602e: /home/songz/gaoz/GZ_Project_2026/rnaseq-3.12.0/./workflows/../subworkflows/local/../../modules/local/samplesheet_check.nf
  Script_dc01e573a69c9f57: /home/songz/gaoz/GZ_Project_2026/rnaseq-3.12.0/./workflows/../subworkflows/nf-core/bam_rseqc/../../../modules/nf-core/rseqc/bamstat/main.nf
  Script_58e794dbd977701f: /home/songz/gaoz/GZ_Project_2026/rnaseq-3.12.0/./workflows/../subworkflows/nf-core/fastq_align_hisat2/../bam_sort_stats_samtools/../../../modules/nf-core/samtools/index/main.nf
  Script_d1a9b70e0dfbb833: /home/songz/gaoz/GZ_Project_2026/rnaseq-3.12.0/./workflows/../subworkflows/nf-core/bam_rseqc/main.nf
  Script_4ae66123183898fb: /home/songz/gaoz/GZ_Project_2026/rnaseq-3.12.0/./workflows/../subworkflows/local/../nf-core/bam_sort_stats_samtools/../bam_stats_samtools/../../../modules/nf-core/samtools/idxstats/main.nf
  Script_f41a20a3a562e689: /home/songz/gaoz/GZ_Project_2026/rnaseq-3.12.0/./workflows/../modules/local/bedtools_genomecov.nf
  Script_ac2ef8a82b8f2b47: /home/songz/gaoz/GZ_Project_2026/rnaseq-3.12.0/./workflows/../subworkflows/local/../../modules/local/salmon_summarizedexperiment.nf
  Script_cf173ae7bd725b95: /home/songz/gaoz/GZ_Project_2026/rnaseq-3.12.0/./workflows/../subworkflows/nf-core/bam_markduplicates_picard/../../../modules/nf-core/picard/markduplicates/main.nf
  Script_28988da553552ea1: /home/songz/gaoz/GZ_Project_2026/rnaseq-3.12.0/./workflows/../subworkflows/local/../../modules/local/gtf2bed.nf
  Script_962e7d092e463c46: /home/songz/gaoz/GZ_Project_2026/rnaseq-3.12.0/./workflows/../modules/nf-core/custom/dumpsoftwareversions/main.nf
  Script_5a386bbbe46643a3: /home/songz/gaoz/GZ_Project_2026/rnaseq-3.12.0/./workflows/../subworkflows/local/../../modules/local/gtf_gene_filter.nf
  Script_8a26ae95e907dc38: /home/songz/gaoz/GZ_Project_2026/rnaseq-3.12.0/./workflows/../subworkflows/nf-core/fastq_align_hisat2/../../../modules/nf-core/hisat2/align/main.nf
  Script_eb92ff64ec7cf407: /home/songz/gaoz/GZ_Project_2026/rnaseq-3.12.0/main.nf
  Script_4f6739ae1680d27b: /home/songz/gaoz/GZ_Project_2026/rnaseq-3.12.0/./workflows/../subworkflows/nf-core/bam_sort_stats_samtools/main.nf
  Script_ad119ddb6089cee6: /home/songz/gaoz/GZ_Project_2026/rnaseq-3.12.0/./workflows/../subworkflows/local/../../modules/local/star_genomegenerate_igenomes.nf
  Script_7bbd1ec48b03ff67: /home/songz/gaoz/GZ_Project_2026/rnaseq-3.12.0/./workflows/../subworkflows/nf-core/bedgraph_bedclip_bedgraphtobigwig/main.nf
  Script_626d67f6260c474c: /home/songz/gaoz/GZ_Project_2026/rnaseq-3.12.0/./workflows/../subworkflows/local/../../modules/nf-core/untar/main.nf
  Script_8e6cdd0e0c41d821: /home/songz/gaoz/GZ_Project_2026/rnaseq-3.12.0/./workflows/../subworkflows/local/../../modules/local/star_align_igenomes.nf
  Script_2beaa5e78e1186f0: /home/songz/gaoz/GZ_Project_2026/rnaseq-3.12.0/./workflows/../subworkflows/local/../../modules/local/salmon_tx2gene.nf
  Script_5b2c4000b8a673b8: /home/songz/gaoz/GZ_Project_2026/rnaseq-3.12.0/./workflows/../modules/nf-core/qualimap/rnaseq/main.nf
  Script_dbfcd99b4643d9a2: /home/songz/gaoz/GZ_Project_2026/rnaseq-3.12.0/./workflows/../subworkflows/nf-core/bam_markduplicates_picard/main.nf
  Script_7dd67161c774e338: /home/songz/gaoz/GZ_Project_2026/rnaseq-3.12.0/./workflows/../subworkflows/nf-core/bam_rseqc/../../../modules/nf-core/rseqc/tin/main.nf
  Script_2037bb3e46a712ec: /home/songz/gaoz/GZ_Project_2026/rnaseq-3.12.0/./workflows/../subworkflows/local/../../modules/nf-core/star/align/main.nf
  Script_78c863df8ecf8b17: /home/songz/gaoz/GZ_Project_2026/rnaseq-3.12.0/./workflows/../subworkflows/local/prepare_genome.nf
  Script_5b26df9752ec5a3d: /home/songz/gaoz/GZ_Project_2026/rnaseq-3.12.0/./workflows/../subworkflows/nf-core/bam_rseqc/../../../modules/nf-core/rseqc/junctionannotation/main.nf
  Script_36d4290842df373a: /home/songz/gaoz/GZ_Project_2026/rnaseq-3.12.0/./workflows/../subworkflows/nf-core/fastq_align_hisat2/../bam_sort_stats_samtools/../../../modules/nf-core/samtools/sort/main.nf
  Script_57ad25808fc93560: /home/songz/gaoz/GZ_Project_2026/rnaseq-3.12.0/./workflows/../subworkflows/nf-core/bam_rseqc/../../../modules/nf-core/rseqc/inferexperiment/main.nf
  Script_c3adfe86d6796983: /home/songz/gaoz/GZ_Project_2026/rnaseq-3.12.0/./workflows/rnaseq.nf
  Script_a37f4a122d411de3: /home/songz/gaoz/GZ_Project_2026/rnaseq-3.12.0/./workflows/../subworkflows/nf-core/bam_rseqc/../../../modules/nf-core/rseqc/readduplication/main.nf
  Script_8c2fb876e2407727: /home/songz/gaoz/GZ_Project_2026/rnaseq-3.12.0/./workflows/../subworkflows/nf-core/fastq_subsample_fq_salmon/../../../modules/nf-core/salmon/index/main.nf
  Script_596874cc35d1834f: /home/songz/gaoz/GZ_Project_2026/rnaseq-3.12.0/./workflows/../subworkflows/local/align_star.nf
  Script_5035106a6d4a4c78: /home/songz/gaoz/GZ_Project_2026/rnaseq-3.12.0/./workflows/../subworkflows/local/../../modules/nf-core/rsem/calculateexpression/main.nf
  Script_d528242dc97acc08: /home/songz/gaoz/GZ_Project_2026/rnaseq-3.12.0/./workflows/../subworkflows/local/../../modules/local/cat_additional_fasta.nf
  Script_03e47f2ea1ad4bda: /home/songz/gaoz/GZ_Project_2026/rnaseq-3.12.0/./workflows/../subworkflows/local/../nf-core/bam_sort_stats_samtools/../bam_stats_samtools/../../../modules/nf-core/samtools/stats/main.nf
  Script_32be0b964abad83e: /home/songz/gaoz/GZ_Project_2026/rnaseq-3.12.0/./workflows/../modules/nf-core/preseq/lcextrap/main.nf
  Script_962c2ce5d43568d5: /home/songz/gaoz/GZ_Project_2026/rnaseq-3.12.0/./workflows/../modules/nf-core/stringtie/stringtie/main.nf
  Script_302eca5adfdcc4e1: /home/songz/gaoz/GZ_Project_2026/rnaseq-3.12.0/./workflows/../subworkflows/local/quantify_salmon.nf
  Script_0e71ed64d05e63f3: /home/songz/gaoz/GZ_Project_2026/rnaseq-3.12.0/./workflows/../subworkflows/local/../../modules/nf-core/gunzip/main.nf
  Script_d17fdc4641f54cef: /home/songz/gaoz/GZ_Project_2026/rnaseq-3.12.0/./workflows/../modules/local/multiqc.nf
  Script_ae91710223e65a98: /home/songz/gaoz/GZ_Project_2026/rnaseq-3.12.0/./workflows/../subworkflows/nf-core/fastq_fastqc_umitools_fastp/../../../modules/nf-core/umitools/extract/main.nf
  Script_92d4b0cbc31a78d6: /home/songz/gaoz/GZ_Project_2026/rnaseq-3.12.0/./workflows/../subworkflows/local/../../modules/nf-core/star/genomegenerate/main.nf
  Script_560e11be19b372ad: /home/songz/gaoz/GZ_Project_2026/rnaseq-3.12.0/./workflows/../subworkflows/local/../../modules/local/rsem_merge_counts.nf
  Script_9ee763e13f4d971c: /home/songz/gaoz/GZ_Project_2026/rnaseq-3.12.0/./workflows/../subworkflows/nf-core/fastq_fastqc_umitools_fastp/main.nf
  Script_a25682ea8940372b: /home/songz/gaoz/GZ_Project_2026/rnaseq-3.12.0/./workflows/../subworkflows/nf-core/bam_dedup_stats_samtools_umitools/main.nf
  Script_a8680b05987b83ce: /home/songz/gaoz/GZ_Project_2026/rnaseq-3.12.0/./workflows/../subworkflows/nf-core/fastq_subsample_fq_salmon/../../../modules/nf-core/fq/subsample/main.nf
  Script_a6969db08b6a2fa3: /home/songz/gaoz/GZ_Project_2026/rnaseq-3.12.0/./workflows/../subworkflows/local/../../modules/nf-core/rsem/preparereference/main.nf
  Script_1a56e7bca3ff007c: /home/songz/gaoz/GZ_Project_2026/rnaseq-3.12.0/./workflows/../subworkflows/nf-core/bam_rseqc/../../../modules/nf-core/rseqc/junctionsaturation/main.nf
  Script_e97de39ba83a9148: /home/songz/gaoz/GZ_Project_2026/rnaseq-3.12.0/./workflows/../subworkflows/nf-core/fastq_fastqc_umitools_trimgalore/../../../modules/nf-core/fastqc/main.nf
  Script_52a402eec631a008: /home/songz/gaoz/GZ_Project_2026/rnaseq-3.12.0/./workflows/../modules/nf-core/subread/featurecounts/main.nf
  Script_3ea4ee2a8986898f: /home/songz/gaoz/GZ_Project_2026/rnaseq-3.12.0/./workflows/../subworkflows/local/../../modules/nf-core/bbmap/bbsplit/main.nf
  Script_04d488c7ab8c434e: /home/songz/gaoz/GZ_Project_2026/rnaseq-3.12.0/./workflows/../subworkflows/local/../../modules/local/preprocess_transcripts_fasta_gencode.nf
  Script_3d373e9ea7e32c45: /home/songz/gaoz/GZ_Project_2026/rnaseq-3.12.0/./workflows/../subworkflows/nf-core/fastq_subsample_fq_salmon/main.nf
  Script_69dcaec0b873a44f: /home/songz/gaoz/GZ_Project_2026/rnaseq-3.12.0/./workflows/../modules/local/dupradar.nf
  Script_d2419ae920ca0bf0: /home/songz/gaoz/GZ_Project_2026/rnaseq-3.12.0/./workflows/../subworkflows/nf-core/bedgraph_bedclip_bedgraphtobigwig/../../../modules/nf-core/ucsc/bedgraphtobigwig/main.nf
  Script_aaa732d0dff599b5: /home/songz/gaoz/GZ_Project_2026/rnaseq-3.12.0/./workflows/../subworkflows/nf-core/bedgraph_bedclip_bedgraphtobigwig/../../../modules/nf-core/ucsc/bedclip/main.nf
  Script_ee92193e093c17f9: /home/songz/gaoz/GZ_Project_2026/rnaseq-3.12.0/./workflows/../modules/nf-core/cat/fastq/main.nf
  Script_dffb03fc1d2df7b3: /home/songz/gaoz/GZ_Project_2026/rnaseq-3.12.0/./workflows/../modules/local/deseq2_qc.nf
  Script_c7edf4066f7db41a: /home/songz/gaoz/GZ_Project_2026/rnaseq-3.12.0/./workflows/../subworkflows/local/../../modules/nf-core/salmon/quant/main.nf
  Script_39f3202cb40c09d3: /home/songz/gaoz/GZ_Project_2026/rnaseq-3.12.0/./workflows/../subworkflows/local/../../modules/nf-core/gffread/main.nf
  Script_227094022398ba3c: /home/songz/gaoz/GZ_Project_2026/rnaseq-3.12.0/./workflows/../subworkflows/nf-core/bam_dedup_stats_samtools_umitools/../../../modules/nf-core/umitools/dedup/main.nf
  Script_5f794e9468aa1f6f: /home/songz/gaoz/GZ_Project_2026/rnaseq-3.12.0/./workflows/../subworkflows/nf-core/fastq_fastqc_umitools_trimgalore/main.nf
  Script_9a44c4a8bdce47c3: /home/songz/gaoz/GZ_Project_2026/rnaseq-3.12.0/./workflows/../subworkflows/local/../../modules/local/salmon_tximport.nf
  Script_495c69dac107e792: /home/songz/gaoz/GZ_Project_2026/rnaseq-3.12.0/./workflows/../subworkflows/nf-core/bam_rseqc/../../../modules/nf-core/rseqc/readdistribution/main.nf
  Script_c500707623393013: /home/songz/gaoz/GZ_Project_2026/rnaseq-3.12.0/./workflows/../subworkflows/local/../../modules/nf-core/hisat2/extractsplicesites/main.nf
  Script_36edeae94666a272: /home/songz/gaoz/GZ_Project_2026/rnaseq-3.12.0/./workflows/../subworkflows/local/../../modules/nf-core/custom/getchromsizes/main.nf
  Script_ab3ca3bb417d85a4: /home/songz/gaoz/GZ_Project_2026/rnaseq-3.12.0/./workflows/../subworkflows/local/input_check.nf
  Script_494a59e00806cb4c: /home/songz/gaoz/GZ_Project_2026/rnaseq-3.12.0/./workflows/../modules/local/umitools_prepareforrsem.nf
  Script_2027306e4c8cc948: /home/songz/gaoz/GZ_Project_2026/rnaseq-3.12.0/./workflows/../subworkflows/nf-core/bam_markduplicates_picard/../bam_stats_samtools/../../../modules/nf-core/samtools/flagstat/main.nf
  Script_fb75b7b95d3b5ff0: /home/songz/gaoz/GZ_Project_2026/rnaseq-3.12.0/./workflows/../subworkflows/nf-core/fastq_align_hisat2/main.nf
  Script_b16834c499741c31: /home/songz/gaoz/GZ_Project_2026/rnaseq-3.12.0/./workflows/../subworkflows/nf-core/fastq_fastqc_umitools_fastp/../../../modules/nf-core/fastp/main.nf
  Script_34f16ef6e48a6255: /home/songz/gaoz/GZ_Project_2026/rnaseq-3.12.0/./workflows/../subworkflows/local/../../modules/nf-core/hisat2/build/main.nf
Feb-21 05:22:25.893 [main] DEBUG nextflow.script.ScriptRunner - > Awaiting termination 
Feb-21 05:22:25.893 [main] DEBUG nextflow.Session - Session await
Feb-21 05:22:26.123 [Actor Thread 48] DEBUG nextflow.sort.BigSort - Sort completed -- entries: 1; slices: 1; internal sort time: 0.004 s; external sort time: 0.01 s; total time: 0.014 s
Feb-21 05:22:26.125 [Actor Thread 48] DEBUG nextflow.file.FileCollector - >> temp file exists? false
Feb-21 05:22:26.116 [Actor Thread 47] DEBUG nextflow.sort.BigSort - Sort completed -- entries: 1; slices: 1; internal sort time: 0.002 s; external sort time: 0.006 s; total time: 0.008 s
Feb-21 05:22:26.126 [Actor Thread 47] DEBUG nextflow.file.FileCollector - >> temp file exists? false
Feb-21 05:22:26.127 [Actor Thread 47] DEBUG nextflow.file.FileCollector - Missed collect-file cache -- cause: java.nio.file.NoSuchFileException: /home/songz/gaoz/work/01_Junqiang_Ding_0216/collect-file/23f3253eb4bf627995906a38e4749333
Feb-21 05:22:26.129 [Actor Thread 48] DEBUG nextflow.file.FileCollector - Missed collect-file cache -- cause: java.nio.file.NoSuchFileException: /home/songz/gaoz/work/01_Junqiang_Ding_0216/collect-file/1a678b0a4efddea1a4fab6892e618ff3
Feb-21 05:22:26.140 [Actor Thread 48] DEBUG nextflow.file.FileCollector - Saved collect-files list to: /home/songz/gaoz/work/01_Junqiang_Ding_0216/collect-file/1a678b0a4efddea1a4fab6892e618ff3
Feb-21 05:22:26.148 [Actor Thread 47] DEBUG nextflow.file.FileCollector - Saved collect-files list to: /home/songz/gaoz/work/01_Junqiang_Ding_0216/collect-file/23f3253eb4bf627995906a38e4749333
Feb-21 05:22:26.156 [Actor Thread 48] DEBUG nextflow.file.FileCollector - Deleting file collector temp dir: /tmp/nxf-1312585194086675760
Feb-21 05:22:26.156 [Actor Thread 47] DEBUG nextflow.file.FileCollector - Deleting file collector temp dir: /tmp/nxf-16141291501411678708
Feb-21 05:22:26.172 [Actor Thread 41] INFO  nextflow.processor.TaskProcessor - [63/452e7d] Cached process > NFCORE_RNASEQ:RNASEQ:PREPARE_GENOME:STAR_GENOMEGENERATE (Mus_musculus.fasta)
Feb-21 05:22:26.175 [Actor Thread 51] INFO  nextflow.processor.TaskProcessor - [af/985eb8] Cached process > NFCORE_RNASEQ:RNASEQ:PREPARE_GENOME:GTF2BED (Mus_musculus.gtf)
Feb-21 05:22:26.180 [Actor Thread 52] INFO  nextflow.processor.TaskProcessor - [db/7a6a81] Cached process > NFCORE_RNASEQ:RNASEQ:INPUT_CHECK:SAMPLESHEET_CHECK (samplesheet_full.csv)
Feb-21 05:22:26.181 [Actor Thread 43] INFO  nextflow.processor.TaskProcessor - [b9/ff8e3e] Cached process > NFCORE_RNASEQ:RNASEQ:PREPARE_GENOME:GTF_GENE_FILTER (Mus_musculus.fasta)
Feb-21 05:22:26.186 [Actor Thread 42] INFO  nextflow.processor.TaskProcessor - [be/fa4f03] Cached process > NFCORE_RNASEQ:RNASEQ:PREPARE_GENOME:CUSTOM_GETCHROMSIZES (Mus_musculus.fasta)
Feb-21 05:22:26.306 [Actor Thread 52] DEBUG nextflow.util.ThreadPoolBuilder - Creating thread pool 'PublishDir' minSize=10; maxSize=168; workQueue=LinkedBlockingQueue[-1]; allowCoreThreadTimeout=false
Feb-21 05:22:26.368 [Actor Thread 40] INFO  nextflow.processor.TaskProcessor - [0c/b9a539] Cached process > NFCORE_RNASEQ:RNASEQ:PREPARE_GENOME:MAKE_TRANSCRIPTS_FASTA (rsem/Mus_musculus.fasta)
Feb-21 05:22:26.370 [Actor Thread 38] INFO  nextflow.processor.TaskProcessor - [b2/d864e1] Cached process > NFCORE_RNASEQ:RNASEQ:FASTQ_FASTQC_UMITOOLS_TRIMGALORE:TRIMGALORE (D8)
Feb-21 05:22:26.373 [Actor Thread 43] INFO  nextflow.processor.TaskProcessor - [c3/617bfa] Cached process > NFCORE_RNASEQ:RNASEQ:FASTQ_FASTQC_UMITOOLS_TRIMGALORE:FASTQC (D2)
Feb-21 05:22:26.377 [Actor Thread 41] INFO  nextflow.processor.TaskProcessor - [b2/17ef64] Cached process > NFCORE_RNASEQ:RNASEQ:FASTQ_FASTQC_UMITOOLS_TRIMGALORE:FASTQC (D3)
Feb-21 05:22:26.381 [Actor Thread 25] INFO  nextflow.processor.TaskProcessor - [b6/42ca84] Cached process > NFCORE_RNASEQ:RNASEQ:FASTQ_FASTQC_UMITOOLS_TRIMGALORE:FASTQC (D8)
Feb-21 05:22:26.384 [Actor Thread 30] INFO  nextflow.processor.TaskProcessor - [36/0e0b38] Cached process > NFCORE_RNASEQ:RNASEQ:FASTQ_FASTQC_UMITOOLS_TRIMGALORE:FASTQC (D4)
Feb-21 05:22:26.385 [Actor Thread 32] INFO  nextflow.processor.TaskProcessor - [b7/4ceb1d] Cached process > NFCORE_RNASEQ:RNASEQ:FASTQ_FASTQC_UMITOOLS_TRIMGALORE:FASTQC (D6)
Feb-21 05:22:26.402 [Actor Thread 23] INFO  nextflow.processor.TaskProcessor - [9c/b860f9] Cached process > NFCORE_RNASEQ:RNASEQ:FASTQ_FASTQC_UMITOOLS_TRIMGALORE:FASTQC (D9)
Feb-21 05:22:26.407 [Actor Thread 44] INFO  nextflow.processor.TaskProcessor - [2a/591654] Cached process > NFCORE_RNASEQ:RNASEQ:FASTQ_FASTQC_UMITOOLS_TRIMGALORE:TRIMGALORE (D5)
Feb-21 05:22:26.412 [Actor Thread 34] INFO  nextflow.processor.TaskProcessor - [3d/b8e104] Cached process > NFCORE_RNASEQ:RNASEQ:FASTQ_FASTQC_UMITOOLS_TRIMGALORE:FASTQC (D1)
Feb-21 05:22:26.413 [Actor Thread 39] INFO  nextflow.processor.TaskProcessor - [8f/9df523] Cached process > NFCORE_RNASEQ:RNASEQ:FASTQ_FASTQC_UMITOOLS_TRIMGALORE:TRIMGALORE (D6)
Feb-21 05:22:26.421 [Actor Thread 46] INFO  nextflow.processor.TaskProcessor - [5b/3e7ee6] Cached process > NFCORE_RNASEQ:RNASEQ:FASTQ_FASTQC_UMITOOLS_TRIMGALORE:TRIMGALORE (D1)
Feb-21 05:22:26.425 [Actor Thread 27] INFO  nextflow.processor.TaskProcessor - [a0/5cac33] Cached process > NFCORE_RNASEQ:RNASEQ:FASTQ_FASTQC_UMITOOLS_TRIMGALORE:FASTQC (D7)
Feb-21 05:22:26.431 [Actor Thread 45] INFO  nextflow.processor.TaskProcessor - [0b/91a517] Cached process > NFCORE_RNASEQ:RNASEQ:FASTQ_FASTQC_UMITOOLS_TRIMGALORE:TRIMGALORE (D7)
Feb-21 05:22:26.433 [Actor Thread 57] INFO  nextflow.processor.TaskProcessor - [f1/7fb97f] Cached process > NFCORE_RNASEQ:RNASEQ:FASTQ_FASTQC_UMITOOLS_TRIMGALORE:TRIMGALORE (D3)
Feb-21 05:22:26.437 [Actor Thread 56] INFO  nextflow.processor.TaskProcessor - [ec/78811e] Cached process > NFCORE_RNASEQ:RNASEQ:FASTQ_FASTQC_UMITOOLS_TRIMGALORE:TRIMGALORE (D2)
Feb-21 05:22:26.479 [Actor Thread 37] INFO  nextflow.processor.TaskProcessor - [cd/57ebe8] Cached process > NFCORE_RNASEQ:RNASEQ:FASTQ_FASTQC_UMITOOLS_TRIMGALORE:TRIMGALORE (D9)
Feb-21 05:22:26.482 [Actor Thread 49] INFO  nextflow.processor.TaskProcessor - [ec/ca53a7] Cached process > NFCORE_RNASEQ:RNASEQ:FASTQ_FASTQC_UMITOOLS_TRIMGALORE:TRIMGALORE (D4)
Feb-21 05:22:26.483 [Actor Thread 35] INFO  nextflow.processor.TaskProcessor - [14/59af90] Cached process > NFCORE_RNASEQ:RNASEQ:FASTQ_FASTQC_UMITOOLS_TRIMGALORE:FASTQC (D5)
Feb-21 05:22:26.763 [Actor Thread 38] DEBUG nextflow.processor.TaskProcessor - Process NFCORE_RNASEQ:RNASEQ:FASTQ_FASTQC_UMITOOLS_TRIMGALORE:TRIMGALORE > Skipping output binding because one or more optional files are missing: fileoutparam<2:1>
Feb-21 05:22:26.766 [Actor Thread 42] DEBUG nextflow.processor.TaskProcessor - Process NFCORE_RNASEQ:RNASEQ:PREPARE_GENOME:CUSTOM_GETCHROMSIZES > Skipping output binding because one or more optional files are missing: fileoutparam<2:1>
Feb-21 05:22:26.767 [Actor Thread 45] DEBUG nextflow.processor.TaskProcessor - Process NFCORE_RNASEQ:RNASEQ:FASTQ_FASTQC_UMITOOLS_TRIMGALORE:TRIMGALORE > Skipping output binding because one or more optional files are missing: fileoutparam<2:1>
Feb-21 05:22:26.769 [Actor Thread 37] DEBUG nextflow.processor.TaskProcessor - Process NFCORE_RNASEQ:RNASEQ:FASTQ_FASTQC_UMITOOLS_TRIMGALORE:TRIMGALORE > Skipping output binding because one or more optional files are missing: fileoutparam<2:1>
Feb-21 05:22:26.774 [Actor Thread 49] DEBUG nextflow.processor.TaskProcessor - Process NFCORE_RNASEQ:RNASEQ:FASTQ_FASTQC_UMITOOLS_TRIMGALORE:TRIMGALORE > Skipping output binding because one or more optional files are missing: fileoutparam<2:1>
Feb-21 05:22:26.810 [Actor Thread 56] DEBUG nextflow.processor.TaskProcessor - Process NFCORE_RNASEQ:RNASEQ:FASTQ_FASTQC_UMITOOLS_TRIMGALORE:TRIMGALORE > Skipping output binding because one or more optional files are missing: fileoutparam<2:1>
Feb-21 05:22:26.819 [Actor Thread 57] DEBUG nextflow.processor.TaskProcessor - Process NFCORE_RNASEQ:RNASEQ:FASTQ_FASTQC_UMITOOLS_TRIMGALORE:TRIMGALORE > Skipping output binding because one or more optional files are missing: fileoutparam<2:1>
Feb-21 05:22:26.846 [Actor Thread 46] DEBUG nextflow.processor.TaskProcessor - Process NFCORE_RNASEQ:RNASEQ:FASTQ_FASTQC_UMITOOLS_TRIMGALORE:TRIMGALORE > Skipping output binding because one or more optional files are missing: fileoutparam<2:1>
Feb-21 05:22:26.854 [Actor Thread 39] DEBUG nextflow.processor.TaskProcessor - Process NFCORE_RNASEQ:RNASEQ:FASTQ_FASTQC_UMITOOLS_TRIMGALORE:TRIMGALORE > Skipping output binding because one or more optional files are missing: fileoutparam<2:1>
Feb-21 05:22:26.857 [Actor Thread 44] DEBUG nextflow.processor.TaskProcessor - Process NFCORE_RNASEQ:RNASEQ:FASTQ_FASTQC_UMITOOLS_TRIMGALORE:TRIMGALORE > Skipping output binding because one or more optional files are missing: fileoutparam<2:1>
Feb-21 05:22:27.030 [Actor Thread 45] INFO  nextflow.processor.TaskProcessor - [be/4549db] Cached process > NFCORE_RNASEQ:RNASEQ:ALIGN_STAR:STAR_ALIGN (D4)
Feb-21 05:22:27.038 [Actor Thread 23] DEBUG nextflow.file.SortFileCollector - FileCollector temp dir not removed: null
Feb-21 05:22:27.063 [Actor Thread 45] DEBUG nextflow.processor.TaskProcessor - Process NFCORE_RNASEQ:RNASEQ:ALIGN_STAR:STAR_ALIGN > Skipping output binding because one or more optional files are missing: fileoutparam<5:1>
Feb-21 05:22:27.065 [Actor Thread 45] DEBUG nextflow.processor.TaskProcessor - Process NFCORE_RNASEQ:RNASEQ:ALIGN_STAR:STAR_ALIGN > Skipping output binding because one or more optional files are missing: fileoutparam<7:1>
Feb-21 05:22:27.066 [Actor Thread 45] DEBUG nextflow.processor.TaskProcessor - Process NFCORE_RNASEQ:RNASEQ:ALIGN_STAR:STAR_ALIGN > Skipping output binding because one or more optional files are missing: fileoutparam<8:1>
Feb-21 05:22:27.066 [Actor Thread 45] DEBUG nextflow.processor.TaskProcessor - Process NFCORE_RNASEQ:RNASEQ:ALIGN_STAR:STAR_ALIGN > Skipping output binding because one or more optional files are missing: fileoutparam<11:1>
Feb-21 05:22:27.066 [Actor Thread 45] DEBUG nextflow.processor.TaskProcessor - Process NFCORE_RNASEQ:RNASEQ:ALIGN_STAR:STAR_ALIGN > Skipping output binding because one or more optional files are missing: fileoutparam<12:1>
Feb-21 05:22:27.066 [Actor Thread 45] DEBUG nextflow.processor.TaskProcessor - Process NFCORE_RNASEQ:RNASEQ:ALIGN_STAR:STAR_ALIGN > Skipping output binding because one or more optional files are missing: fileoutparam<13:1>
Feb-21 05:22:27.067 [Actor Thread 45] DEBUG nextflow.processor.TaskProcessor - Process NFCORE_RNASEQ:RNASEQ:ALIGN_STAR:STAR_ALIGN > Skipping output binding because one or more optional files are missing: fileoutparam<14:1>
Feb-21 05:22:27.067 [Actor Thread 45] DEBUG nextflow.processor.TaskProcessor - Process NFCORE_RNASEQ:RNASEQ:ALIGN_STAR:STAR_ALIGN > Skipping output binding because one or more optional files are missing: fileoutparam<15:1>
Feb-21 05:22:27.093 [Actor Thread 39] INFO  nextflow.processor.TaskProcessor - [6e/b84f76] Cached process > NFCORE_RNASEQ:RNASEQ:ALIGN_STAR:STAR_ALIGN (D3)
Feb-21 05:22:27.126 [Actor Thread 26] INFO  nextflow.processor.TaskProcessor - [29/8a676f] Cached process > NFCORE_RNASEQ:RNASEQ:ALIGN_STAR:STAR_ALIGN (D2)
Feb-21 05:22:27.147 [Actor Thread 57] INFO  nextflow.processor.TaskProcessor - [24/d325e0] Cached process > NFCORE_RNASEQ:RNASEQ:ALIGN_STAR:STAR_ALIGN (D9)
Feb-21 05:22:27.149 [Actor Thread 39] DEBUG nextflow.processor.TaskProcessor - Process NFCORE_RNASEQ:RNASEQ:ALIGN_STAR:STAR_ALIGN > Skipping output binding because one or more optional files are missing: fileoutparam<5:1>
Feb-21 05:22:27.150 [Actor Thread 39] DEBUG nextflow.processor.TaskProcessor - Process NFCORE_RNASEQ:RNASEQ:ALIGN_STAR:STAR_ALIGN > Skipping output binding because one or more optional files are missing: fileoutparam<7:1>
Feb-21 05:22:27.150 [Actor Thread 39] DEBUG nextflow.processor.TaskProcessor - Process NFCORE_RNASEQ:RNASEQ:ALIGN_STAR:STAR_ALIGN > Skipping output binding because one or more optional files are missing: fileoutparam<8:1>
Feb-21 05:22:27.151 [Actor Thread 39] DEBUG nextflow.processor.TaskProcessor - Process NFCORE_RNASEQ:RNASEQ:ALIGN_STAR:STAR_ALIGN > Skipping output binding because one or more optional files are missing: fileoutparam<11:1>
Feb-21 05:22:27.151 [Actor Thread 39] DEBUG nextflow.processor.TaskProcessor - Process NFCORE_RNASEQ:RNASEQ:ALIGN_STAR:STAR_ALIGN > Skipping output binding because one or more optional files are missing: fileoutparam<12:1>
Feb-21 05:22:27.151 [Actor Thread 39] DEBUG nextflow.processor.TaskProcessor - Process NFCORE_RNASEQ:RNASEQ:ALIGN_STAR:STAR_ALIGN > Skipping output binding because one or more optional files are missing: fileoutparam<13:1>
Feb-21 05:22:27.151 [Actor Thread 39] DEBUG nextflow.processor.TaskProcessor - Process NFCORE_RNASEQ:RNASEQ:ALIGN_STAR:STAR_ALIGN > Skipping output binding because one or more optional files are missing: fileoutparam<14:1>
Feb-21 05:22:27.151 [Actor Thread 39] DEBUG nextflow.processor.TaskProcessor - Process NFCORE_RNASEQ:RNASEQ:ALIGN_STAR:STAR_ALIGN > Skipping output binding because one or more optional files are missing: fileoutparam<15:1>
Feb-21 05:22:27.241 [Actor Thread 38] INFO  nextflow.processor.TaskProcessor - [ca/6d8e14] Cached process > NFCORE_RNASEQ:RNASEQ:ALIGN_STAR:STAR_ALIGN (D7)
Feb-21 05:22:27.242 [Actor Thread 55] INFO  nextflow.processor.TaskProcessor - [fa/d6085e] Cached process > NFCORE_RNASEQ:RNASEQ:ALIGN_STAR:STAR_ALIGN (D8)
Feb-21 05:22:27.246 [Actor Thread 44] INFO  nextflow.processor.TaskProcessor - [b3/279f2d] Cached process > NFCORE_RNASEQ:RNASEQ:ALIGN_STAR:STAR_ALIGN (D1)
Feb-21 05:22:27.248 [Actor Thread 35] INFO  nextflow.processor.TaskProcessor - [b5/abf95f] Cached process > NFCORE_RNASEQ:RNASEQ:QUANTIFY_STAR_SALMON:SALMON_QUANT (D4)
Feb-21 05:22:27.252 [Actor Thread 46] INFO  nextflow.processor.TaskProcessor - [b2/c88224] Cached process > NFCORE_RNASEQ:RNASEQ:ALIGN_STAR:BAM_SORT_STATS_SAMTOOLS:SAMTOOLS_SORT (D4)
Feb-21 05:22:27.257 [Actor Thread 48] INFO  nextflow.processor.TaskProcessor - [45/66125b] Cached process > NFCORE_RNASEQ:RNASEQ:ALIGN_STAR:BAM_SORT_STATS_SAMTOOLS:SAMTOOLS_SORT (D3)
Feb-21 05:22:27.262 [Actor Thread 46] DEBUG nextflow.processor.TaskProcessor - Process NFCORE_RNASEQ:RNASEQ:ALIGN_STAR:BAM_SORT_STATS_SAMTOOLS:SAMTOOLS_SORT > Skipping output binding because one or more optional files are missing: fileoutparam<1:1>
Feb-21 05:22:27.265 [Actor Thread 48] DEBUG nextflow.processor.TaskProcessor - Process NFCORE_RNASEQ:RNASEQ:ALIGN_STAR:BAM_SORT_STATS_SAMTOOLS:SAMTOOLS_SORT > Skipping output binding because one or more optional files are missing: fileoutparam<1:1>
Feb-21 05:22:27.265 [Actor Thread 57] DEBUG nextflow.processor.TaskProcessor - Process NFCORE_RNASEQ:RNASEQ:ALIGN_STAR:STAR_ALIGN > Skipping output binding because one or more optional files are missing: fileoutparam<5:1>
Feb-21 05:22:27.267 [Actor Thread 57] DEBUG nextflow.processor.TaskProcessor - Process NFCORE_RNASEQ:RNASEQ:ALIGN_STAR:STAR_ALIGN > Skipping output binding because one or more optional files are missing: fileoutparam<7:1>
Feb-21 05:22:27.267 [Actor Thread 57] DEBUG nextflow.processor.TaskProcessor - Process NFCORE_RNASEQ:RNASEQ:ALIGN_STAR:STAR_ALIGN > Skipping output binding because one or more optional files are missing: fileoutparam<8:1>
Feb-21 05:22:27.268 [Actor Thread 57] DEBUG nextflow.processor.TaskProcessor - Process NFCORE_RNASEQ:RNASEQ:ALIGN_STAR:STAR_ALIGN > Skipping output binding because one or more optional files are missing: fileoutparam<11:1>
Feb-21 05:22:27.269 [Actor Thread 57] DEBUG nextflow.processor.TaskProcessor - Process NFCORE_RNASEQ:RNASEQ:ALIGN_STAR:STAR_ALIGN > Skipping output binding because one or more optional files are missing: fileoutparam<12:1>
Feb-21 05:22:27.269 [Actor Thread 57] DEBUG nextflow.processor.TaskProcessor - Process NFCORE_RNASEQ:RNASEQ:ALIGN_STAR:STAR_ALIGN > Skipping output binding because one or more optional files are missing: fileoutparam<13:1>
Feb-21 05:22:27.269 [Actor Thread 57] DEBUG nextflow.processor.TaskProcessor - Process NFCORE_RNASEQ:RNASEQ:ALIGN_STAR:STAR_ALIGN > Skipping output binding because one or more optional files are missing: fileoutparam<14:1>
Feb-21 05:22:27.269 [Actor Thread 57] DEBUG nextflow.processor.TaskProcessor - Process NFCORE_RNASEQ:RNASEQ:ALIGN_STAR:STAR_ALIGN > Skipping output binding because one or more optional files are missing: fileoutparam<15:1>
Feb-21 05:22:27.285 [Actor Thread 26] DEBUG nextflow.processor.TaskProcessor - Process NFCORE_RNASEQ:RNASEQ:ALIGN_STAR:STAR_ALIGN > Skipping output binding because one or more optional files are missing: fileoutparam<5:1>
Feb-21 05:22:27.285 [Actor Thread 26] DEBUG nextflow.processor.TaskProcessor - Process NFCORE_RNASEQ:RNASEQ:ALIGN_STAR:STAR_ALIGN > Skipping output binding because one or more optional files are missing: fileoutparam<7:1>
Feb-21 05:22:27.285 [Actor Thread 26] DEBUG nextflow.processor.TaskProcessor - Process NFCORE_RNASEQ:RNASEQ:ALIGN_STAR:STAR_ALIGN > Skipping output binding because one or more optional files are missing: fileoutparam<8:1>
Feb-21 05:22:27.286 [Actor Thread 26] DEBUG nextflow.processor.TaskProcessor - Process NFCORE_RNASEQ:RNASEQ:ALIGN_STAR:STAR_ALIGN > Skipping output binding because one or more optional files are missing: fileoutparam<11:1>
Feb-21 05:22:27.287 [Actor Thread 26] DEBUG nextflow.processor.TaskProcessor - Process NFCORE_RNASEQ:RNASEQ:ALIGN_STAR:STAR_ALIGN > Skipping output binding because one or more optional files are missing: fileoutparam<12:1>
Feb-21 05:22:27.287 [Actor Thread 26] DEBUG nextflow.processor.TaskProcessor - Process NFCORE_RNASEQ:RNASEQ:ALIGN_STAR:STAR_ALIGN > Skipping output binding because one or more optional files are missing: fileoutparam<13:1>
Feb-21 05:22:27.287 [Actor Thread 26] DEBUG nextflow.processor.TaskProcessor - Process NFCORE_RNASEQ:RNASEQ:ALIGN_STAR:STAR_ALIGN > Skipping output binding because one or more optional files are missing: fileoutparam<14:1>
Feb-21 05:22:27.287 [Actor Thread 26] DEBUG nextflow.processor.TaskProcessor - Process NFCORE_RNASEQ:RNASEQ:ALIGN_STAR:STAR_ALIGN > Skipping output binding because one or more optional files are missing: fileoutparam<15:1>
Feb-21 05:22:27.287 [Actor Thread 45] INFO  nextflow.processor.TaskProcessor - [52/a5320f] Cached process > NFCORE_RNASEQ:RNASEQ:QUANTIFY_STAR_SALMON:SALMON_QUANT (D3)
Feb-21 05:22:27.292 [Actor Thread 55] DEBUG nextflow.processor.TaskProcessor - Process NFCORE_RNASEQ:RNASEQ:ALIGN_STAR:STAR_ALIGN > Skipping output binding because one or more optional files are missing: fileoutparam<5:1>
Feb-21 05:22:27.292 [Actor Thread 55] DEBUG nextflow.processor.TaskProcessor - Process NFCORE_RNASEQ:RNASEQ:ALIGN_STAR:STAR_ALIGN > Skipping output binding because one or more optional files are missing: fileoutparam<7:1>
Feb-21 05:22:27.292 [Actor Thread 55] DEBUG nextflow.processor.TaskProcessor - Process NFCORE_RNASEQ:RNASEQ:ALIGN_STAR:STAR_ALIGN > Skipping output binding because one or more optional files are missing: fileoutparam<8:1>
Feb-21 05:22:27.293 [Actor Thread 42] INFO  nextflow.processor.TaskProcessor - [e4/2afb26] Cached process > NFCORE_RNASEQ:RNASEQ:QUANTIFY_STAR_SALMON:SALMON_QUANT (D9)
Feb-21 05:22:27.296 [Actor Thread 55] DEBUG nextflow.processor.TaskProcessor - Process NFCORE_RNASEQ:RNASEQ:ALIGN_STAR:STAR_ALIGN > Skipping output binding because one or more optional files are missing: fileoutparam<11:1>
Feb-21 05:22:27.296 [Actor Thread 25] INFO  nextflow.processor.TaskProcessor - [b2/375e81] Cached process > NFCORE_RNASEQ:RNASEQ:ALIGN_STAR:BAM_SORT_STATS_SAMTOOLS:SAMTOOLS_INDEX (D3)
Feb-21 05:22:27.296 [Actor Thread 55] DEBUG nextflow.processor.TaskProcessor - Process NFCORE_RNASEQ:RNASEQ:ALIGN_STAR:STAR_ALIGN > Skipping output binding because one or more optional files are missing: fileoutparam<12:1>
Feb-21 05:22:27.296 [Actor Thread 55] DEBUG nextflow.processor.TaskProcessor - Process NFCORE_RNASEQ:RNASEQ:ALIGN_STAR:STAR_ALIGN > Skipping output binding because one or more optional files are missing: fileoutparam<13:1>
Feb-21 05:22:27.296 [Actor Thread 55] DEBUG nextflow.processor.TaskProcessor - Process NFCORE_RNASEQ:RNASEQ:ALIGN_STAR:STAR_ALIGN > Skipping output binding because one or more optional files are missing: fileoutparam<14:1>
Feb-21 05:22:27.296 [Actor Thread 55] DEBUG nextflow.processor.TaskProcessor - Process NFCORE_RNASEQ:RNASEQ:ALIGN_STAR:STAR_ALIGN > Skipping output binding because one or more optional files are missing: fileoutparam<15:1>
Feb-21 05:22:27.306 [Actor Thread 37] INFO  nextflow.processor.TaskProcessor - [86/48df85] Cached process > NFCORE_RNASEQ:RNASEQ:ALIGN_STAR:STAR_ALIGN (D5)
Feb-21 05:22:27.311 [Actor Thread 44] DEBUG nextflow.processor.TaskProcessor - Process NFCORE_RNASEQ:RNASEQ:ALIGN_STAR:STAR_ALIGN > Skipping output binding because one or more optional files are missing: fileoutparam<5:1>
Feb-21 05:22:27.317 [Actor Thread 44] DEBUG nextflow.processor.TaskProcessor - Process NFCORE_RNASEQ:RNASEQ:ALIGN_STAR:STAR_ALIGN > Skipping output binding because one or more optional files are missing: fileoutparam<7:1>
Feb-21 05:22:27.306 [Actor Thread 41] INFO  nextflow.processor.TaskProcessor - [fa/3aeb0a] Cached process > NFCORE_RNASEQ:RNASEQ:ALIGN_STAR:BAM_SORT_STATS_SAMTOOLS:SAMTOOLS_SORT (D9)
Feb-21 05:22:27.318 [Actor Thread 44] DEBUG nextflow.processor.TaskProcessor - Process NFCORE_RNASEQ:RNASEQ:ALIGN_STAR:STAR_ALIGN > Skipping output binding because one or more optional files are missing: fileoutparam<8:1>
Feb-21 05:22:27.318 [Actor Thread 44] DEBUG nextflow.processor.TaskProcessor - Process NFCORE_RNASEQ:RNASEQ:ALIGN_STAR:STAR_ALIGN > Skipping output binding because one or more optional files are missing: fileoutparam<11:1>
Feb-21 05:22:27.318 [Actor Thread 44] DEBUG nextflow.processor.TaskProcessor - Process NFCORE_RNASEQ:RNASEQ:ALIGN_STAR:STAR_ALIGN > Skipping output binding because one or more optional files are missing: fileoutparam<12:1>
Feb-21 05:22:27.318 [Actor Thread 44] DEBUG nextflow.processor.TaskProcessor - Process NFCORE_RNASEQ:RNASEQ:ALIGN_STAR:STAR_ALIGN > Skipping output binding because one or more optional files are missing: fileoutparam<13:1>
Feb-21 05:22:27.318 [Actor Thread 44] DEBUG nextflow.processor.TaskProcessor - Process NFCORE_RNASEQ:RNASEQ:ALIGN_STAR:STAR_ALIGN > Skipping output binding because one or more optional files are missing: fileoutparam<14:1>
Feb-21 05:22:27.319 [Actor Thread 44] DEBUG nextflow.processor.TaskProcessor - Process NFCORE_RNASEQ:RNASEQ:ALIGN_STAR:STAR_ALIGN > Skipping output binding because one or more optional files are missing: fileoutparam<15:1>
Feb-21 05:22:27.320 [Actor Thread 51] INFO  nextflow.processor.TaskProcessor - [53/abe49b] Cached process > NFCORE_RNASEQ:RNASEQ:BAM_MARKDUPLICATES_PICARD:PICARD_MARKDUPLICATES (D3)
Feb-21 05:22:27.323 [Actor Thread 41] DEBUG nextflow.processor.TaskProcessor - Process NFCORE_RNASEQ:RNASEQ:ALIGN_STAR:BAM_SORT_STATS_SAMTOOLS:SAMTOOLS_SORT > Skipping output binding because one or more optional files are missing: fileoutparam<1:1>
Feb-21 05:22:27.323 [Actor Thread 38] DEBUG nextflow.processor.TaskProcessor - Process NFCORE_RNASEQ:RNASEQ:ALIGN_STAR:STAR_ALIGN > Skipping output binding because one or more optional files are missing: fileoutparam<5:1>
Feb-21 05:22:27.324 [Actor Thread 38] DEBUG nextflow.processor.TaskProcessor - Process NFCORE_RNASEQ:RNASEQ:ALIGN_STAR:STAR_ALIGN > Skipping output binding because one or more optional files are missing: fileoutparam<7:1>
Feb-21 05:22:27.324 [Actor Thread 38] DEBUG nextflow.processor.TaskProcessor - Process NFCORE_RNASEQ:RNASEQ:ALIGN_STAR:STAR_ALIGN > Skipping output binding because one or more optional files are missing: fileoutparam<8:1>
Feb-21 05:22:27.325 [Actor Thread 38] DEBUG nextflow.processor.TaskProcessor - Process NFCORE_RNASEQ:RNASEQ:ALIGN_STAR:STAR_ALIGN > Skipping output binding because one or more optional files are missing: fileoutparam<11:1>
Feb-21 05:22:27.325 [Actor Thread 38] DEBUG nextflow.processor.TaskProcessor - Process NFCORE_RNASEQ:RNASEQ:ALIGN_STAR:STAR_ALIGN > Skipping output binding because one or more optional files are missing: fileoutparam<12:1>
Feb-21 05:22:27.325 [Actor Thread 38] DEBUG nextflow.processor.TaskProcessor - Process NFCORE_RNASEQ:RNASEQ:ALIGN_STAR:STAR_ALIGN > Skipping output binding because one or more optional files are missing: fileoutparam<13:1>
Feb-21 05:22:27.325 [Actor Thread 38] DEBUG nextflow.processor.TaskProcessor - Process NFCORE_RNASEQ:RNASEQ:ALIGN_STAR:STAR_ALIGN > Skipping output binding because one or more optional files are missing: fileoutparam<14:1>
Feb-21 05:22:27.325 [Actor Thread 38] DEBUG nextflow.processor.TaskProcessor - Process NFCORE_RNASEQ:RNASEQ:ALIGN_STAR:STAR_ALIGN > Skipping output binding because one or more optional files are missing: fileoutparam<15:1>
Feb-21 05:22:27.327 [Actor Thread 25] DEBUG nextflow.processor.TaskProcessor - Process NFCORE_RNASEQ:RNASEQ:ALIGN_STAR:BAM_SORT_STATS_SAMTOOLS:SAMTOOLS_INDEX > Skipping output binding because one or more optional files are missing: fileoutparam<1:1>
Feb-21 05:22:27.327 [Actor Thread 25] DEBUG nextflow.processor.TaskProcessor - Process NFCORE_RNASEQ:RNASEQ:ALIGN_STAR:BAM_SORT_STATS_SAMTOOLS:SAMTOOLS_INDEX > Skipping output binding because one or more optional files are missing: fileoutparam<2:1>
Feb-21 05:22:27.328 [Actor Thread 51] DEBUG nextflow.processor.TaskProcessor - Process NFCORE_RNASEQ:RNASEQ:BAM_MARKDUPLICATES_PICARD:PICARD_MARKDUPLICATES > Skipping output binding because one or more optional files are missing: fileoutparam<1:1>
Feb-21 05:22:27.329 [Actor Thread 54] INFO  nextflow.processor.TaskProcessor - [c4/d9a0b3] Cached process > NFCORE_RNASEQ:RNASEQ:ALIGN_STAR:BAM_SORT_STATS_SAMTOOLS:SAMTOOLS_INDEX (D4)
Feb-21 05:22:27.334 [Actor Thread 23] INFO  nextflow.processor.TaskProcessor - [bb/eacf16] Cached process > NFCORE_RNASEQ:RNASEQ:ALIGN_STAR:BAM_SORT_STATS_SAMTOOLS:SAMTOOLS_SORT (D8)
Feb-21 05:22:27.334 [Actor Thread 54] DEBUG nextflow.processor.TaskProcessor - Process NFCORE_RNASEQ:RNASEQ:ALIGN_STAR:BAM_SORT_STATS_SAMTOOLS:SAMTOOLS_INDEX > Skipping output binding because one or more optional files are missing: fileoutparam<1:1>
Feb-21 05:22:27.335 [Actor Thread 53] INFO  nextflow.processor.TaskProcessor - [aa/f33f8f] Cached process > NFCORE_RNASEQ:RNASEQ:ALIGN_STAR:BAM_SORT_STATS_SAMTOOLS:SAMTOOLS_SORT (D1)
Feb-21 05:22:27.339 [Actor Thread 54] DEBUG nextflow.processor.TaskProcessor - Process NFCORE_RNASEQ:RNASEQ:ALIGN_STAR:BAM_SORT_STATS_SAMTOOLS:SAMTOOLS_INDEX > Skipping output binding because one or more optional files are missing: fileoutparam<2:1>
Feb-21 05:22:27.339 [Actor Thread 30] INFO  nextflow.processor.TaskProcessor - [dd/3af844] Cached process > NFCORE_RNASEQ:RNASEQ:ALIGN_STAR:BAM_SORT_STATS_SAMTOOLS:SAMTOOLS_SORT (D2)
Feb-21 05:22:27.339 [Actor Thread 43] INFO  nextflow.processor.TaskProcessor - [2b/12b00c] Cached process > NFCORE_RNASEQ:RNASEQ:BAM_MARKDUPLICATES_PICARD:PICARD_MARKDUPLICATES (D4)
Feb-21 05:22:27.350 [Actor Thread 37] DEBUG nextflow.processor.TaskProcessor - Process NFCORE_RNASEQ:RNASEQ:ALIGN_STAR:STAR_ALIGN > Skipping output binding because one or more optional files are missing: fileoutparam<5:1>
Feb-21 05:22:27.350 [Actor Thread 37] DEBUG nextflow.processor.TaskProcessor - Process NFCORE_RNASEQ:RNASEQ:ALIGN_STAR:STAR_ALIGN > Skipping output binding because one or more optional files are missing: fileoutparam<7:1>
Feb-21 05:22:27.351 [Actor Thread 37] DEBUG nextflow.processor.TaskProcessor - Process NFCORE_RNASEQ:RNASEQ:ALIGN_STAR:STAR_ALIGN > Skipping output binding because one or more optional files are missing: fileoutparam<8:1>
Feb-21 05:22:27.351 [Actor Thread 37] DEBUG nextflow.processor.TaskProcessor - Process NFCORE_RNASEQ:RNASEQ:ALIGN_STAR:STAR_ALIGN > Skipping output binding because one or more optional files are missing: fileoutparam<11:1>
Feb-21 05:22:27.351 [Actor Thread 53] DEBUG nextflow.processor.TaskProcessor - Process NFCORE_RNASEQ:RNASEQ:ALIGN_STAR:BAM_SORT_STATS_SAMTOOLS:SAMTOOLS_SORT > Skipping output binding because one or more optional files are missing: fileoutparam<1:1>
Feb-21 05:22:27.351 [Actor Thread 37] DEBUG nextflow.processor.TaskProcessor - Process NFCORE_RNASEQ:RNASEQ:ALIGN_STAR:STAR_ALIGN > Skipping output binding because one or more optional files are missing: fileoutparam<12:1>
Feb-21 05:22:27.351 [Actor Thread 37] DEBUG nextflow.processor.TaskProcessor - Process NFCORE_RNASEQ:RNASEQ:ALIGN_STAR:STAR_ALIGN > Skipping output binding because one or more optional files are missing: fileoutparam<13:1>
Feb-21 05:22:27.351 [Actor Thread 37] DEBUG nextflow.processor.TaskProcessor - Process NFCORE_RNASEQ:RNASEQ:ALIGN_STAR:STAR_ALIGN > Skipping output binding because one or more optional files are missing: fileoutparam<14:1>
Feb-21 05:22:27.351 [Actor Thread 37] DEBUG nextflow.processor.TaskProcessor - Process NFCORE_RNASEQ:RNASEQ:ALIGN_STAR:STAR_ALIGN > Skipping output binding because one or more optional files are missing: fileoutparam<15:1>
Feb-21 05:22:27.362 [Actor Thread 30] DEBUG nextflow.processor.TaskProcessor - Process NFCORE_RNASEQ:RNASEQ:ALIGN_STAR:BAM_SORT_STATS_SAMTOOLS:SAMTOOLS_SORT > Skipping output binding because one or more optional files are missing: fileoutparam<1:1>
Feb-21 05:22:27.366 [Actor Thread 36] INFO  nextflow.processor.TaskProcessor - [39/de8b0d] Cached process > NFCORE_RNASEQ:RNASEQ:QUANTIFY_STAR_SALMON:SALMON_QUANT (D2)
Feb-21 05:22:27.378 [Actor Thread 46] INFO  nextflow.processor.TaskProcessor - [c2/f1a9dc] Cached process > NFCORE_RNASEQ:RNASEQ:QUANTIFY_STAR_SALMON:SALMON_QUANT (D7)
Feb-21 05:22:27.380 [Actor Thread 28] INFO  nextflow.processor.TaskProcessor - [c0/8ee044] Cached process > NFCORE_RNASEQ:RNASEQ:ALIGN_STAR:BAM_SORT_STATS_SAMTOOLS:SAMTOOLS_SORT (D7)
Feb-21 05:22:27.381 [Actor Thread 35] INFO  nextflow.processor.TaskProcessor - [71/894c63] Cached process > NFCORE_RNASEQ:RNASEQ:QUANTIFY_STAR_SALMON:SALMON_QUANT (D8)
Feb-21 05:22:27.381 [Actor Thread 23] DEBUG nextflow.processor.TaskProcessor - Process NFCORE_RNASEQ:RNASEQ:ALIGN_STAR:BAM_SORT_STATS_SAMTOOLS:SAMTOOLS_SORT > Skipping output binding because one or more optional files are missing: fileoutparam<1:1>
Feb-21 05:22:27.384 [Actor Thread 26] INFO  nextflow.processor.TaskProcessor - [a0/2414ad] Cached process > NFCORE_RNASEQ:RNASEQ:ALIGN_STAR:BAM_SORT_STATS_SAMTOOLS:SAMTOOLS_INDEX (D9)
Feb-21 05:22:27.387 [Actor Thread 43] DEBUG nextflow.processor.TaskProcessor - Process NFCORE_RNASEQ:RNASEQ:BAM_MARKDUPLICATES_PICARD:PICARD_MARKDUPLICATES > Skipping output binding because one or more optional files are missing: fileoutparam<1:1>
Feb-21 05:22:27.388 [Actor Thread 45] INFO  nextflow.processor.TaskProcessor - [55/143a69] Cached process > NFCORE_RNASEQ:RNASEQ:QUANTIFY_STAR_SALMON:SALMON_QUANT (D1)
Feb-21 05:22:27.390 [Actor Thread 49] INFO  nextflow.processor.TaskProcessor - [a0/01e319] Cached process > NFCORE_RNASEQ:RNASEQ:BAM_MARKDUPLICATES_PICARD:PICARD_MARKDUPLICATES (D2)
Feb-21 05:22:27.392 [Actor Thread 26] DEBUG nextflow.processor.TaskProcessor - Process NFCORE_RNASEQ:RNASEQ:ALIGN_STAR:BAM_SORT_STATS_SAMTOOLS:SAMTOOLS_INDEX > Skipping output binding because one or more optional files are missing: fileoutparam<1:1>
Feb-21 05:22:27.393 [Actor Thread 26] DEBUG nextflow.processor.TaskProcessor - Process NFCORE_RNASEQ:RNASEQ:ALIGN_STAR:BAM_SORT_STATS_SAMTOOLS:SAMTOOLS_INDEX > Skipping output binding because one or more optional files are missing: fileoutparam<2:1>
Feb-21 05:22:27.396 [Actor Thread 39] INFO  nextflow.processor.TaskProcessor - [94/9cd818] Cached process > NFCORE_RNASEQ:RNASEQ:ALIGN_STAR:BAM_SORT_STATS_SAMTOOLS:SAMTOOLS_INDEX (D1)
Feb-21 05:22:27.399 [Actor Thread 56] INFO  nextflow.processor.TaskProcessor - [0c/d1c5fe] Cached process > NFCORE_RNASEQ:RNASEQ:BAM_MARKDUPLICATES_PICARD:SAMTOOLS_INDEX (D3)
Feb-21 05:22:27.400 [Actor Thread 27] INFO  nextflow.processor.TaskProcessor - [4a/119f79] Cached process > NFCORE_RNASEQ:RNASEQ:QUANTIFY_STAR_SALMON:SALMON_QUANT (D5)
Feb-21 05:22:27.405 [Actor Thread 25] INFO  nextflow.processor.TaskProcessor - [5f/cd7b72] Cached process > NFCORE_RNASEQ:RNASEQ:ALIGN_STAR:BAM_SORT_STATS_SAMTOOLS:SAMTOOLS_INDEX (D2)
Feb-21 05:22:27.399 [Actor Thread 49] DEBUG nextflow.processor.TaskProcessor - Process NFCORE_RNASEQ:RNASEQ:BAM_MARKDUPLICATES_PICARD:PICARD_MARKDUPLICATES > Skipping output binding because one or more optional files are missing: fileoutparam<1:1>
Feb-21 05:22:27.409 [Actor Thread 37] INFO  nextflow.processor.TaskProcessor - [1c/e956d8] Cached process > NFCORE_RNASEQ:RNASEQ:BAM_MARKDUPLICATES_PICARD:SAMTOOLS_INDEX (D4)
Feb-21 05:22:27.411 [Actor Thread 41] INFO  nextflow.processor.TaskProcessor - [66/af6918] Cached process > NFCORE_RNASEQ:RNASEQ:ALIGN_STAR:BAM_SORT_STATS_SAMTOOLS:SAMTOOLS_SORT (D5)
Feb-21 05:22:27.413 [Actor Thread 48] INFO  nextflow.processor.TaskProcessor - [3a/f81979] Cached process > NFCORE_RNASEQ:RNASEQ:ALIGN_STAR:BAM_SORT_STATS_SAMTOOLS:SAMTOOLS_INDEX (D8)
Feb-21 05:22:27.414 [Actor Thread 56] DEBUG nextflow.processor.TaskProcessor - Process NFCORE_RNASEQ:RNASEQ:BAM_MARKDUPLICATES_PICARD:SAMTOOLS_INDEX > Skipping output binding because one or more optional files are missing: fileoutparam<1:1>
Feb-21 05:22:27.414 [Actor Thread 56] DEBUG nextflow.processor.TaskProcessor - Process NFCORE_RNASEQ:RNASEQ:BAM_MARKDUPLICATES_PICARD:SAMTOOLS_INDEX > Skipping output binding because one or more optional files are missing: fileoutparam<2:1>
Feb-21 05:22:27.416 [Actor Thread 32] INFO  nextflow.processor.TaskProcessor - [d3/7e48ae] Cached process > NFCORE_RNASEQ:RNASEQ:BAM_MARKDUPLICATES_PICARD:SAMTOOLS_INDEX (D2)
Feb-21 05:22:27.422 [Actor Thread 37] DEBUG nextflow.processor.TaskProcessor - Process NFCORE_RNASEQ:RNASEQ:BAM_MARKDUPLICATES_PICARD:SAMTOOLS_INDEX > Skipping output binding because one or more optional files are missing: fileoutparam<1:1>
Feb-21 05:22:27.422 [Actor Thread 37] DEBUG nextflow.processor.TaskProcessor - Process NFCORE_RNASEQ:RNASEQ:BAM_MARKDUPLICATES_PICARD:SAMTOOLS_INDEX > Skipping output binding because one or more optional files are missing: fileoutparam<2:1>
Feb-21 05:22:27.426 [Actor Thread 39] DEBUG nextflow.processor.TaskProcessor - Process NFCORE_RNASEQ:RNASEQ:ALIGN_STAR:BAM_SORT_STATS_SAMTOOLS:SAMTOOLS_INDEX > Skipping output binding because one or more optional files are missing: fileoutparam<1:1>
Feb-21 05:22:27.427 [Actor Thread 39] DEBUG nextflow.processor.TaskProcessor - Process NFCORE_RNASEQ:RNASEQ:ALIGN_STAR:BAM_SORT_STATS_SAMTOOLS:SAMTOOLS_INDEX > Skipping output binding because one or more optional files are missing: fileoutparam<2:1>
Feb-21 05:22:27.427 [Actor Thread 28] DEBUG nextflow.processor.TaskProcessor - Process NFCORE_RNASEQ:RNASEQ:ALIGN_STAR:BAM_SORT_STATS_SAMTOOLS:SAMTOOLS_SORT > Skipping output binding because one or more optional files are missing: fileoutparam<1:1>
Feb-21 05:22:27.421 [Actor Thread 38] INFO  nextflow.processor.TaskProcessor - [60/edcdc6] Cached process > NFCORE_RNASEQ:RNASEQ:BAM_MARKDUPLICATES_PICARD:PICARD_MARKDUPLICATES (D8)
Feb-21 05:22:27.436 [Actor Thread 48] DEBUG nextflow.processor.TaskProcessor - Process NFCORE_RNASEQ:RNASEQ:ALIGN_STAR:BAM_SORT_STATS_SAMTOOLS:SAMTOOLS_INDEX > Skipping output binding because one or more optional files are missing: fileoutparam<1:1>
Feb-21 05:22:27.436 [Actor Thread 48] DEBUG nextflow.processor.TaskProcessor - Process NFCORE_RNASEQ:RNASEQ:ALIGN_STAR:BAM_SORT_STATS_SAMTOOLS:SAMTOOLS_INDEX > Skipping output binding because one or more optional files are missing: fileoutparam<2:1>
Feb-21 05:22:27.436 [Actor Thread 32] DEBUG nextflow.processor.TaskProcessor - Process NFCORE_RNASEQ:RNASEQ:BAM_MARKDUPLICATES_PICARD:SAMTOOLS_INDEX > Skipping output binding because one or more optional files are missing: fileoutparam<1:1>
Feb-21 05:22:27.438 [Actor Thread 25] DEBUG nextflow.processor.TaskProcessor - Process NFCORE_RNASEQ:RNASEQ:ALIGN_STAR:BAM_SORT_STATS_SAMTOOLS:SAMTOOLS_INDEX > Skipping output binding because one or more optional files are missing: fileoutparam<1:1>
Feb-21 05:22:27.439 [Actor Thread 25] DEBUG nextflow.processor.TaskProcessor - Process NFCORE_RNASEQ:RNASEQ:ALIGN_STAR:BAM_SORT_STATS_SAMTOOLS:SAMTOOLS_INDEX > Skipping output binding because one or more optional files are missing: fileoutparam<2:1>
Feb-21 05:22:27.441 [Actor Thread 32] DEBUG nextflow.processor.TaskProcessor - Process NFCORE_RNASEQ:RNASEQ:BAM_MARKDUPLICATES_PICARD:SAMTOOLS_INDEX > Skipping output binding because one or more optional files are missing: fileoutparam<2:1>
Feb-21 05:22:27.455 [Actor Thread 41] DEBUG nextflow.processor.TaskProcessor - Process NFCORE_RNASEQ:RNASEQ:ALIGN_STAR:BAM_SORT_STATS_SAMTOOLS:SAMTOOLS_SORT > Skipping output binding because one or more optional files are missing: fileoutparam<1:1>
Feb-21 05:22:27.456 [Actor Thread 38] DEBUG nextflow.processor.TaskProcessor - Process NFCORE_RNASEQ:RNASEQ:BAM_MARKDUPLICATES_PICARD:PICARD_MARKDUPLICATES > Skipping output binding because one or more optional files are missing: fileoutparam<1:1>
Feb-21 05:22:27.475 [Actor Thread 49] INFO  nextflow.processor.TaskProcessor - [a0/9317cb] Cached process > NFCORE_RNASEQ:RNASEQ:ALIGN_STAR:BAM_SORT_STATS_SAMTOOLS:SAMTOOLS_INDEX (D7)
Feb-21 05:22:27.482 [Actor Thread 49] DEBUG nextflow.processor.TaskProcessor - Process NFCORE_RNASEQ:RNASEQ:ALIGN_STAR:BAM_SORT_STATS_SAMTOOLS:SAMTOOLS_INDEX > Skipping output binding because one or more optional files are missing: fileoutparam<1:1>
Feb-21 05:22:27.482 [Actor Thread 49] DEBUG nextflow.processor.TaskProcessor - Process NFCORE_RNASEQ:RNASEQ:ALIGN_STAR:BAM_SORT_STATS_SAMTOOLS:SAMTOOLS_INDEX > Skipping output binding because one or more optional files are missing: fileoutparam<2:1>
Feb-21 05:22:27.484 [Actor Thread 23] INFO  nextflow.processor.TaskProcessor - [a5/1756b6] Cached process > NFCORE_RNASEQ:RNASEQ:ALIGN_STAR:BAM_SORT_STATS_SAMTOOLS:SAMTOOLS_INDEX (D5)
Feb-21 05:22:27.487 [Actor Thread 23] DEBUG nextflow.processor.TaskProcessor - Process NFCORE_RNASEQ:RNASEQ:ALIGN_STAR:BAM_SORT_STATS_SAMTOOLS:SAMTOOLS_INDEX > Skipping output binding because one or more optional files are missing: fileoutparam<1:1>
Feb-21 05:22:27.487 [Actor Thread 23] DEBUG nextflow.processor.TaskProcessor - Process NFCORE_RNASEQ:RNASEQ:ALIGN_STAR:BAM_SORT_STATS_SAMTOOLS:SAMTOOLS_INDEX > Skipping output binding because one or more optional files are missing: fileoutparam<2:1>
Feb-21 05:22:27.504 [Actor Thread 29] INFO  nextflow.processor.TaskProcessor - [da/114f21] Cached process > NFCORE_RNASEQ:RNASEQ:BAM_MARKDUPLICATES_PICARD:PICARD_MARKDUPLICATES (D7)
Feb-21 05:22:27.507 [Actor Thread 29] DEBUG nextflow.processor.TaskProcessor - Process NFCORE_RNASEQ:RNASEQ:BAM_MARKDUPLICATES_PICARD:PICARD_MARKDUPLICATES > Skipping output binding because one or more optional files are missing: fileoutparam<1:1>
Feb-21 05:22:27.525 [Actor Thread 48] INFO  nextflow.processor.TaskProcessor - [e7/ca8506] Cached process > NFCORE_RNASEQ:RNASEQ:BAM_MARKDUPLICATES_PICARD:SAMTOOLS_INDEX (D8)
Feb-21 05:22:27.528 [Actor Thread 48] DEBUG nextflow.processor.TaskProcessor - Process NFCORE_RNASEQ:RNASEQ:BAM_MARKDUPLICATES_PICARD:SAMTOOLS_INDEX > Skipping output binding because one or more optional files are missing: fileoutparam<1:1>
Feb-21 05:22:27.529 [Actor Thread 48] DEBUG nextflow.processor.TaskProcessor - Process NFCORE_RNASEQ:RNASEQ:BAM_MARKDUPLICATES_PICARD:SAMTOOLS_INDEX > Skipping output binding because one or more optional files are missing: fileoutparam<2:1>
Feb-21 05:22:27.531 [Task submitter] DEBUG n.executor.local.LocalTaskHandler - Launch cmd line: /bin/bash -ue .command.run
Feb-21 05:22:27.542 [Task submitter] INFO  nextflow.Session - [c7/957947] Submitted process > NFCORE_RNASEQ:RNASEQ:ALIGN_STAR:STAR_ALIGN (D6)
Feb-21 05:22:27.542 [Actor Thread 32] INFO  nextflow.processor.TaskProcessor - [d6/97c79d] Cached process > NFCORE_RNASEQ:RNASEQ:BAM_MARKDUPLICATES_PICARD:PICARD_MARKDUPLICATES (D5)
Feb-21 05:22:27.545 [Actor Thread 41] INFO  nextflow.processor.TaskProcessor - [e3/a4c230] Cached process > NFCORE_RNASEQ:RNASEQ:BAM_MARKDUPLICATES_PICARD:SAMTOOLS_INDEX (D7)
Feb-21 05:22:27.548 [Actor Thread 41] DEBUG nextflow.processor.TaskProcessor - Process NFCORE_RNASEQ:RNASEQ:BAM_MARKDUPLICATES_PICARD:SAMTOOLS_INDEX > Skipping output binding because one or more optional files are missing: fileoutparam<1:1>
Feb-21 05:22:27.549 [Actor Thread 41] DEBUG nextflow.processor.TaskProcessor - Process NFCORE_RNASEQ:RNASEQ:BAM_MARKDUPLICATES_PICARD:SAMTOOLS_INDEX > Skipping output binding because one or more optional files are missing: fileoutparam<2:1>
Feb-21 05:22:27.553 [Actor Thread 32] DEBUG nextflow.processor.TaskProcessor - Process NFCORE_RNASEQ:RNASEQ:BAM_MARKDUPLICATES_PICARD:PICARD_MARKDUPLICATES > Skipping output binding because one or more optional files are missing: fileoutparam<1:1>
Feb-21 05:22:27.574 [Task submitter] DEBUG n.executor.local.LocalTaskHandler - Launch cmd line: /bin/bash -ue .command.run
Feb-21 05:22:27.576 [Task submitter] INFO  nextflow.Session - [8b/e2fe37] Submitted process > NFCORE_RNASEQ:RNASEQ:QUALIMAP_RNASEQ (D3)
Feb-21 05:22:27.593 [Task submitter] DEBUG n.executor.local.LocalTaskHandler - Launch cmd line: /bin/bash -ue .command.run
Feb-21 05:22:27.598 [Task submitter] INFO  nextflow.Session - [ef/e8da54] Submitted process > NFCORE_RNASEQ:RNASEQ:BAM_MARKDUPLICATES_PICARD:PICARD_MARKDUPLICATES (D9)
Feb-21 05:22:27.604 [Actor Thread 22] INFO  nextflow.processor.TaskProcessor - [7a/7bc9bc] Cached process > NFCORE_RNASEQ:RNASEQ:BAM_MARKDUPLICATES_PICARD:SAMTOOLS_INDEX (D5)
Feb-21 05:22:27.611 [Task submitter] DEBUG n.executor.local.LocalTaskHandler - Launch cmd line: /bin/bash -ue .command.run
Feb-21 05:22:27.612 [Task submitter] INFO  nextflow.Session - [d4/61273e] Submitted process > NFCORE_RNASEQ:RNASEQ:BEDTOOLS_GENOMECOV (D3)
Feb-21 05:22:27.616 [Actor Thread 22] DEBUG nextflow.processor.TaskProcessor - Process NFCORE_RNASEQ:RNASEQ:BAM_MARKDUPLICATES_PICARD:SAMTOOLS_INDEX > Skipping output binding because one or more optional files are missing: fileoutparam<1:1>
Feb-21 05:22:27.616 [Actor Thread 22] DEBUG nextflow.processor.TaskProcessor - Process NFCORE_RNASEQ:RNASEQ:BAM_MARKDUPLICATES_PICARD:SAMTOOLS_INDEX > Skipping output binding because one or more optional files are missing: fileoutparam<2:1>
Feb-21 05:22:27.635 [Task submitter] DEBUG n.executor.local.LocalTaskHandler - Launch cmd line: /bin/bash -ue .command.run
Feb-21 05:22:27.638 [Task submitter] INFO  nextflow.Session - [d0/7848b5] Submitted process > NFCORE_RNASEQ:RNASEQ:STRINGTIE_STRINGTIE (D3)
Feb-21 05:22:27.654 [Task submitter] DEBUG n.executor.local.LocalTaskHandler - Launch cmd line: /bin/bash -ue .command.run
Feb-21 05:22:27.655 [Task submitter] INFO  nextflow.Session - [dd/d19f5d] Submitted process > NFCORE_RNASEQ:RNASEQ:QUALIMAP_RNASEQ (D4)
Feb-21 05:22:27.677 [Task submitter] DEBUG n.executor.local.LocalTaskHandler - Launch cmd line: /bin/bash -ue .command.run
Feb-21 05:22:27.680 [Task submitter] INFO  nextflow.Session - [c3/866b08] Submitted process > NFCORE_RNASEQ:RNASEQ:BAM_MARKDUPLICATES_PICARD:PICARD_MARKDUPLICATES (D1)
Feb-21 05:22:27.712 [Task submitter] DEBUG n.executor.local.LocalTaskHandler - Launch cmd line: /bin/bash -ue .command.run
Feb-21 05:22:27.726 [Task submitter] INFO  nextflow.Session - [77/47eb8e] Submitted process > NFCORE_RNASEQ:RNASEQ:BEDTOOLS_GENOMECOV (D4)
Feb-21 05:22:27.841 [Task monitor] DEBUG n.processor.TaskPollingMonitor - Task completed > TaskHandler[id: 56; name: NFCORE_RNASEQ:RNASEQ:BEDTOOLS_GENOMECOV (D3); status: COMPLETED; exit: 127; error: -; workDir: /home/songz/gaoz/work/01_Junqiang_Ding_0216/d4/61273eea781dcdf716af1e720955d9]
Feb-21 05:22:27.843 [Task monitor] DEBUG nextflow.util.ThreadPoolBuilder - Creating thread pool 'TaskFinalizer' minSize=10; maxSize=168; workQueue=LinkedBlockingQueue[-1]; allowCoreThreadTimeout=false
Feb-21 05:22:27.853 [Task submitter] DEBUG n.executor.local.LocalTaskHandler - Launch cmd line: /bin/bash -ue .command.run
Feb-21 05:22:27.858 [Task submitter] INFO  nextflow.Session - [2b/72e0b6] Submitted process > NFCORE_RNASEQ:RNASEQ:STRINGTIE_STRINGTIE (D2)
Feb-21 05:22:27.869 [Task monitor] DEBUG n.processor.TaskPollingMonitor - Task completed > TaskHandler[id: 67; name: NFCORE_RNASEQ:RNASEQ:QUALIMAP_RNASEQ (D4); status: COMPLETED; exit: 127; error: -; workDir: /home/songz/gaoz/work/01_Junqiang_Ding_0216/dd/d19f5d633abde1cd90d53942841d87]
Feb-21 05:22:27.882 [Task submitter] DEBUG n.executor.local.LocalTaskHandler - Launch cmd line: /bin/bash -ue .command.run
Feb-21 05:22:27.884 [Task submitter] INFO  nextflow.Session - [10/b538b3] Submitted process > NFCORE_RNASEQ:RNASEQ:QUALIMAP_RNASEQ (D2)
Feb-21 05:22:27.885 [Task monitor] DEBUG n.processor.TaskPollingMonitor - Task completed > TaskHandler[id: 54; name: NFCORE_RNASEQ:RNASEQ:QUALIMAP_RNASEQ (D3); status: COMPLETED; exit: 127; error: -; workDir: /home/songz/gaoz/work/01_Junqiang_Ding_0216/8b/e2fe37d2f659d1381c938b6073e01d]
Feb-21 05:22:27.906 [TaskFinalizer-3] DEBUG nextflow.processor.TaskProcessor - Handling unexpected condition for
  task: name=NFCORE_RNASEQ:RNASEQ:QUALIMAP_RNASEQ (D3); work-dir=/home/songz/gaoz/work/01_Junqiang_Ding_0216/8b/e2fe37d2f659d1381c938b6073e01d
  error [nextflow.exception.ProcessFailedException]: Process `NFCORE_RNASEQ:RNASEQ:QUALIMAP_RNASEQ (D3)` terminated with an error exit status (127)
Feb-21 05:22:27.909 [Task monitor] DEBUG n.processor.TaskPollingMonitor - Task completed > TaskHandler[id: 57; name: NFCORE_RNASEQ:RNASEQ:STRINGTIE_STRINGTIE (D3); status: COMPLETED; exit: 127; error: -; workDir: /home/songz/gaoz/work/01_Junqiang_Ding_0216/d0/7848b52f2125b93efada33406116e8]
Feb-21 05:22:27.915 [Task submitter] DEBUG n.executor.local.LocalTaskHandler - Launch cmd line: /bin/bash -ue .command.run
Feb-21 05:22:27.917 [TaskFinalizer-4] DEBUG nextflow.processor.TaskProcessor - Handling unexpected condition for
  task: name=NFCORE_RNASEQ:RNASEQ:STRINGTIE_STRINGTIE (D3); work-dir=/home/songz/gaoz/work/01_Junqiang_Ding_0216/d0/7848b52f2125b93efada33406116e8
  error [nextflow.exception.ProcessFailedException]: Process `NFCORE_RNASEQ:RNASEQ:STRINGTIE_STRINGTIE (D3)` terminated with an error exit status (127)
Feb-21 05:22:27.921 [TaskFinalizer-1] DEBUG nextflow.processor.TaskProcessor - Handling unexpected condition for
  task: name=NFCORE_RNASEQ:RNASEQ:BEDTOOLS_GENOMECOV (D3); work-dir=/home/songz/gaoz/work/01_Junqiang_Ding_0216/d4/61273eea781dcdf716af1e720955d9
  error [nextflow.exception.ProcessFailedException]: Process `NFCORE_RNASEQ:RNASEQ:BEDTOOLS_GENOMECOV (D3)` terminated with an error exit status (127)
Feb-21 05:22:27.922 [Task submitter] INFO  nextflow.Session - [6a/b84881] Submitted process > NFCORE_RNASEQ:RNASEQ:STRINGTIE_STRINGTIE (D4)
Feb-21 05:22:27.926 [TaskFinalizer-2] DEBUG nextflow.processor.TaskProcessor - Handling unexpected condition for
  task: name=NFCORE_RNASEQ:RNASEQ:QUALIMAP_RNASEQ (D4); work-dir=/home/songz/gaoz/work/01_Junqiang_Ding_0216/dd/d19f5d633abde1cd90d53942841d87
  error [nextflow.exception.ProcessFailedException]: Process `NFCORE_RNASEQ:RNASEQ:QUALIMAP_RNASEQ (D4)` terminated with an error exit status (127)
Feb-21 05:22:27.955 [Task submitter] DEBUG n.executor.local.LocalTaskHandler - Launch cmd line: /bin/bash -ue .command.run
Feb-21 05:22:27.958 [Task monitor] DEBUG n.processor.TaskPollingMonitor - Task completed > TaskHandler[id: 68; name: NFCORE_RNASEQ:RNASEQ:BEDTOOLS_GENOMECOV (D4); status: COMPLETED; exit: 127; error: -; workDir: /home/songz/gaoz/work/01_Junqiang_Ding_0216/77/47eb8e7d7fa166bf94bb6045485fa2]
Feb-21 05:22:27.961 [Task submitter] INFO  nextflow.Session - [bd/3443a0] Submitted process > NFCORE_RNASEQ:RNASEQ:BEDTOOLS_GENOMECOV (D2)
Feb-21 05:22:27.984 [TaskFinalizer-1] ERROR nextflow.processor.TaskProcessor - Error executing process > 'NFCORE_RNASEQ:RNASEQ:BEDTOOLS_GENOMECOV (D3)'

Caused by:
  Process `NFCORE_RNASEQ:RNASEQ:BEDTOOLS_GENOMECOV (D3)` terminated with an error exit status (127)


Command executed:

  bedtools \
      genomecov \
      -ibam D3.markdup.sorted.bam \
      -bg \
      -strand + \
      -split -du \
      | bedtools sort > D3.reverse.bedGraph
  
  bedtools \
      genomecov \
      -ibam D3.markdup.sorted.bam \
      -bg \
      -strand - \
      -split -du \
      | bedtools sort > D3.forward.bedGraph
  
  cat <<-END_VERSIONS > versions.yml
  "NFCORE_RNASEQ:RNASEQ:BEDTOOLS_GENOMECOV":
      bedtools: $(bedtools --version | sed -e "s/bedtools v//g")
  END_VERSIONS

Command exit status:
  127

Command output:
  (empty)

Command error:
  .command.sh: 行 8: bedtools: 未找到命令
  .command.sh: 行 3: bedtools: 未找到命令

Work dir:
  /home/songz/gaoz/work/01_Junqiang_Ding_0216/d4/61273eea781dcdf716af1e720955d9

Tip: when you have fixed the problem you can continue the execution adding the option `-resume` to the run command line
Feb-21 05:22:28.006 [Task submitter] DEBUG n.executor.local.LocalTaskHandler - Launch cmd line: /bin/bash -ue .command.run
Feb-21 05:22:28.038 [TaskFinalizer-5] DEBUG nextflow.processor.TaskProcessor - Handling unexpected condition for
  task: name=NFCORE_RNASEQ:RNASEQ:BEDTOOLS_GENOMECOV (D4); work-dir=/home/songz/gaoz/work/01_Junqiang_Ding_0216/77/47eb8e7d7fa166bf94bb6045485fa2
  error [nextflow.exception.ProcessFailedException]: Process `NFCORE_RNASEQ:RNASEQ:BEDTOOLS_GENOMECOV (D4)` terminated with an error exit status (127)
Feb-21 05:22:28.034 [Task submitter] INFO  nextflow.Session - [65/a308be] Submitted process > NFCORE_RNASEQ:RNASEQ:STRINGTIE_STRINGTIE (D8)
Feb-21 05:22:28.070 [TaskFinalizer-1] INFO  nextflow.Session - Execution cancelled -- Finishing pending tasks before exit
Feb-21 05:22:28.109 [main] DEBUG nextflow.Session - Session await > all processes finished
Feb-21 05:22:28.121 [Task monitor] DEBUG n.processor.TaskPollingMonitor - Task completed > TaskHandler[id: 72; name: NFCORE_RNASEQ:RNASEQ:STRINGTIE_STRINGTIE (D4); status: COMPLETED; exit: 127; error: -; workDir: /home/songz/gaoz/work/01_Junqiang_Ding_0216/6a/b848816bc44660bfc6f26c92c701d5]
Feb-21 05:22:28.143 [Actor Thread 44] DEBUG nextflow.file.SortFileCollector - FileCollector temp dir not removed: null
Feb-21 05:22:28.144 [Task monitor] DEBUG n.processor.TaskPollingMonitor - Task completed > TaskHandler[id: 70; name: NFCORE_RNASEQ:RNASEQ:QUALIMAP_RNASEQ (D2); status: COMPLETED; exit: 127; error: -; workDir: /home/songz/gaoz/work/01_Junqiang_Ding_0216/10/b538b381a8783ae2597dd6c0d9a365]
Feb-21 05:22:28.154 [Task monitor] DEBUG n.processor.TaskPollingMonitor - Task completed > TaskHandler[id: 71; name: NFCORE_RNASEQ:RNASEQ:BEDTOOLS_GENOMECOV (D2); status: COMPLETED; exit: 127; error: -; workDir: /home/songz/gaoz/work/01_Junqiang_Ding_0216/bd/3443a0da71f3d3c94987ad105ef14d]
Feb-21 05:22:28.158 [TaskFinalizer-7] DEBUG nextflow.processor.TaskProcessor - Handling unexpected condition for
  task: name=NFCORE_RNASEQ:RNASEQ:QUALIMAP_RNASEQ (D2); work-dir=/home/songz/gaoz/work/01_Junqiang_Ding_0216/10/b538b381a8783ae2597dd6c0d9a365
  error [nextflow.exception.ProcessFailedException]: Process `NFCORE_RNASEQ:RNASEQ:QUALIMAP_RNASEQ (D2)` terminated with an error exit status (127)
Feb-21 05:22:28.165 [TaskFinalizer-8] DEBUG nextflow.processor.TaskProcessor - Handling unexpected condition for
  task: name=NFCORE_RNASEQ:RNASEQ:BEDTOOLS_GENOMECOV (D2); work-dir=/home/songz/gaoz/work/01_Junqiang_Ding_0216/bd/3443a0da71f3d3c94987ad105ef14d
  error [nextflow.exception.ProcessFailedException]: Process `NFCORE_RNASEQ:RNASEQ:BEDTOOLS_GENOMECOV (D2)` terminated with an error exit status (127)
Feb-21 05:22:28.166 [Task monitor] DEBUG n.processor.TaskPollingMonitor - Task completed > TaskHandler[id: 73; name: NFCORE_RNASEQ:RNASEQ:STRINGTIE_STRINGTIE (D2); status: COMPLETED; exit: 127; error: -; workDir: /home/songz/gaoz/work/01_Junqiang_Ding_0216/2b/72e0b6a62c4e9d192c1e109bae664f]
Feb-21 05:22:28.166 [TaskFinalizer-6] DEBUG nextflow.processor.TaskProcessor - Handling unexpected condition for
  task: name=NFCORE_RNASEQ:RNASEQ:STRINGTIE_STRINGTIE (D4); work-dir=/home/songz/gaoz/work/01_Junqiang_Ding_0216/6a/b848816bc44660bfc6f26c92c701d5
  error [nextflow.exception.ProcessFailedException]: Process `NFCORE_RNASEQ:RNASEQ:STRINGTIE_STRINGTIE (D4)` terminated with an error exit status (127)
Feb-21 05:22:28.172 [Actor Thread 36] DEBUG nextflow.processor.TaskProcessor - Handling unexpected condition for
  task: name=NFCORE_RNASEQ:RNASEQ:BAM_MARKDUPLICATES_PICARD:BAM_STATS_SAMTOOLS:SAMTOOLS_IDXSTATS; work-dir=null
  error [java.lang.InterruptedException]: java.lang.InterruptedException
Feb-21 05:22:28.173 [Actor Thread 56] DEBUG nextflow.processor.TaskProcessor - Handling unexpected condition for
  task: name=NFCORE_RNASEQ:RNASEQ:BAM_MARKDUPLICATES_PICARD:BAM_STATS_SAMTOOLS:SAMTOOLS_STATS; work-dir=null
  error [java.lang.InterruptedException]: java.lang.InterruptedException
Feb-21 05:22:28.176 [TaskFinalizer-9] DEBUG nextflow.processor.TaskProcessor - Handling unexpected condition for
  task: name=NFCORE_RNASEQ:RNASEQ:STRINGTIE_STRINGTIE (D2); work-dir=/home/songz/gaoz/work/01_Junqiang_Ding_0216/2b/72e0b6a62c4e9d192c1e109bae664f
  error [nextflow.exception.ProcessFailedException]: Process `NFCORE_RNASEQ:RNASEQ:STRINGTIE_STRINGTIE (D2)` terminated with an error exit status (127)
Feb-21 05:22:28.219 [Actor Thread 44] DEBUG nextflow.processor.TaskProcessor - Handling unexpected condition for
  task: name=NFCORE_RNASEQ:RNASEQ:BAM_MARKDUPLICATES_PICARD:BAM_STATS_SAMTOOLS:SAMTOOLS_FLAGSTAT; work-dir=null
  error [java.lang.InterruptedException]: java.lang.InterruptedException
Feb-21 05:22:28.231 [Actor Thread 54] DEBUG nextflow.sort.BigSort - Sort completed -- entries: 14; slices: 1; internal sort time: 0.057 s; external sort time: 0.008 s; total time: 0.065 s
Feb-21 05:22:28.245 [Actor Thread 54] DEBUG nextflow.file.FileCollector - >> temp file exists? false
Feb-21 05:22:28.261 [Actor Thread 54] DEBUG nextflow.file.FileCollector - Missed collect-file cache -- cause: java.nio.file.NoSuchFileException: /home/songz/gaoz/work/01_Junqiang_Ding_0216/collect-file/4740e0c89eb4675a380e04d0bacb6bcb
Feb-21 05:22:28.290 [Actor Thread 54] DEBUG nextflow.file.FileCollector - Saved collect-files list to: /home/songz/gaoz/work/01_Junqiang_Ding_0216/collect-file/4740e0c89eb4675a380e04d0bacb6bcb
Feb-21 05:22:28.293 [Actor Thread 54] DEBUG nextflow.file.FileCollector - Deleting file collector temp dir: /tmp/nxf-946967698861129984
Feb-21 05:22:28.295 [Task monitor] DEBUG n.processor.TaskPollingMonitor - Task completed > TaskHandler[id: 76; name: NFCORE_RNASEQ:RNASEQ:STRINGTIE_STRINGTIE (D8); status: COMPLETED; exit: 127; error: -; workDir: /home/songz/gaoz/work/01_Junqiang_Ding_0216/65/a308bef8df17e7cd7496152e236c8e]
Feb-21 05:22:28.473 [TaskFinalizer-10] DEBUG nextflow.processor.TaskProcessor - Handling unexpected condition for
  task: name=NFCORE_RNASEQ:RNASEQ:STRINGTIE_STRINGTIE (D8); work-dir=/home/songz/gaoz/work/01_Junqiang_Ding_0216/65/a308bef8df17e7cd7496152e236c8e
  error [nextflow.exception.ProcessFailedException]: Process `NFCORE_RNASEQ:RNASEQ:STRINGTIE_STRINGTIE (D8)` terminated with an error exit status (127)
Feb-21 05:27:21.415 [Task monitor] DEBUG n.processor.TaskPollingMonitor - !! executor local > tasks to be completed: 3 -- submitted tasks are shown below
~> TaskHandler[id: 32; name: NFCORE_RNASEQ:RNASEQ:ALIGN_STAR:STAR_ALIGN (D6); status: RUNNING; exit: -; error: -; workDir: /home/songz/gaoz/work/01_Junqiang_Ding_0216/c7/9579475d2bdfe570793d210656812c]
~> TaskHandler[id: 53; name: NFCORE_RNASEQ:RNASEQ:BAM_MARKDUPLICATES_PICARD:PICARD_MARKDUPLICATES (D9); status: RUNNING; exit: -; error: -; workDir: /home/songz/gaoz/work/01_Junqiang_Ding_0216/ef/e8da549ad6cc6ce2d3461199889ef2]
~> TaskHandler[id: 59; name: NFCORE_RNASEQ:RNASEQ:BAM_MARKDUPLICATES_PICARD:PICARD_MARKDUPLICATES (D1); status: RUNNING; exit: -; error: -; workDir: /home/songz/gaoz/work/01_Junqiang_Ding_0216/c3/866b08a7fda186f6f93137ab802bc3]
Feb-21 05:27:27.818 [Task submitter] DEBUG n.processor.TaskPollingMonitor - %% executor local > tasks in the submission queue: 26 -- tasks to be submitted are shown below
~> TaskHandler[id: 77; name: NFCORE_RNASEQ:RNASEQ:BEDTOOLS_GENOMECOV (D8); status: NEW; exit: -; error: -; workDir: /home/songz/gaoz/work/01_Junqiang_Ding_0216/7c/b69c24b09ba115042676f14e795a39]
~> TaskHandler[id: 83; name: NFCORE_RNASEQ:RNASEQ:QUALIMAP_RNASEQ (D7); status: NEW; exit: -; error: -; workDir: /home/songz/gaoz/work/01_Junqiang_Ding_0216/ba/bffc2e882b5cd93794bab953bb3dd8]
~> TaskHandler[id: 79; name: NFCORE_RNASEQ:RNASEQ:QUALIMAP_RNASEQ (D8); status: NEW; exit: -; error: -; workDir: /home/songz/gaoz/work/01_Junqiang_Ding_0216/28/264f81230827e363d8467195e9685d]
~> TaskHandler[id: 84; name: NFCORE_RNASEQ:RNASEQ:BEDTOOLS_GENOMECOV (D7); status: NEW; exit: -; error: -; workDir: /home/songz/gaoz/work/01_Junqiang_Ding_0216/8f/53b98685b55a742b1000db3bd19324]
~> TaskHandler[id: 85; name: NFCORE_RNASEQ:RNASEQ:STRINGTIE_STRINGTIE (D7); status: NEW; exit: -; error: -; workDir: /home/songz/gaoz/work/01_Junqiang_Ding_0216/9c/7f70a8bd873858b330cc3d768bbe9a]
~> TaskHandler[id: 87; name: NFCORE_RNASEQ:RNASEQ:QUALIMAP_RNASEQ (D5); status: NEW; exit: -; error: -; workDir: /home/songz/gaoz/work/01_Junqiang_Ding_0216/b0/c5ec137fbf25d66f9caa6f5f067b15]
~> TaskHandler[id: 88; name: NFCORE_RNASEQ:RNASEQ:BEDTOOLS_GENOMECOV (D5); status: NEW; exit: -; error: -; workDir: /home/songz/gaoz/work/01_Junqiang_Ding_0216/ce/b72d800fe19a19f07dbecfce7a69fc]
~> TaskHandler[id: 86; name: NFCORE_RNASEQ:RNASEQ:STRINGTIE_STRINGTIE (D5); status: NEW; exit: -; error: -; workDir: /home/songz/gaoz/work/01_Junqiang_Ding_0216/ce/9162900e84484cd826f5dd1b72267c]
~> TaskHandler[id: 106; name: NFCORE_RNASEQ:RNASEQ:BAM_MARKDUPLICATES_PICARD:BAM_STATS_SAMTOOLS:SAMTOOLS_STATS (D7); status: NEW; exit: -; error: -; workDir: /home/songz/gaoz/work/01_Junqiang_Ding_0216/bc/d7b47766367d7a0909eecabf5e3d50]
~> TaskHandler[id: 103; name: NFCORE_RNASEQ:RNASEQ:BAM_MARKDUPLICATES_PICARD:BAM_STATS_SAMTOOLS:SAMTOOLS_STATS (D4); status: NEW; exit: -; error: -; workDir: /home/songz/gaoz/work/01_Junqiang_Ding_0216/10/02aaaac151c97b68580b7fc60d235a]
.. remaining tasks omitted.
Feb-21 05:32:21.468 [Task monitor] DEBUG n.processor.TaskPollingMonitor - !! executor local > tasks to be completed: 3 -- submitted tasks are shown below
~> TaskHandler[id: 32; name: NFCORE_RNASEQ:RNASEQ:ALIGN_STAR:STAR_ALIGN (D6); status: RUNNING; exit: -; error: -; workDir: /home/songz/gaoz/work/01_Junqiang_Ding_0216/c7/9579475d2bdfe570793d210656812c]
~> TaskHandler[id: 53; name: NFCORE_RNASEQ:RNASEQ:BAM_MARKDUPLICATES_PICARD:PICARD_MARKDUPLICATES (D9); status: RUNNING; exit: -; error: -; workDir: /home/songz/gaoz/work/01_Junqiang_Ding_0216/ef/e8da549ad6cc6ce2d3461199889ef2]
~> TaskHandler[id: 59; name: NFCORE_RNASEQ:RNASEQ:BAM_MARKDUPLICATES_PICARD:PICARD_MARKDUPLICATES (D1); status: RUNNING; exit: -; error: -; workDir: /home/songz/gaoz/work/01_Junqiang_Ding_0216/c3/866b08a7fda186f6f93137ab802bc3]
Feb-21 05:32:28.038 [Task submitter] DEBUG n.processor.TaskPollingMonitor - %% executor local > tasks in the submission queue: 26 -- tasks to be submitted are shown below
~> TaskHandler[id: 77; name: NFCORE_RNASEQ:RNASEQ:BEDTOOLS_GENOMECOV (D8); status: NEW; exit: -; error: -; workDir: /home/songz/gaoz/work/01_Junqiang_Ding_0216/7c/b69c24b09ba115042676f14e795a39]
~> TaskHandler[id: 83; name: NFCORE_RNASEQ:RNASEQ:QUALIMAP_RNASEQ (D7); status: NEW; exit: -; error: -; workDir: /home/songz/gaoz/work/01_Junqiang_Ding_0216/ba/bffc2e882b5cd93794bab953bb3dd8]
~> TaskHandler[id: 79; name: NFCORE_RNASEQ:RNASEQ:QUALIMAP_RNASEQ (D8); status: NEW; exit: -; error: -; workDir: /home/songz/gaoz/work/01_Junqiang_Ding_0216/28/264f81230827e363d8467195e9685d]
~> TaskHandler[id: 84; name: NFCORE_RNASEQ:RNASEQ:BEDTOOLS_GENOMECOV (D7); status: NEW; exit: -; error: -; workDir: /home/songz/gaoz/work/01_Junqiang_Ding_0216/8f/53b98685b55a742b1000db3bd19324]
~> TaskHandler[id: 85; name: NFCORE_RNASEQ:RNASEQ:STRINGTIE_STRINGTIE (D7); status: NEW; exit: -; error: -; workDir: /home/songz/gaoz/work/01_Junqiang_Ding_0216/9c/7f70a8bd873858b330cc3d768bbe9a]
~> TaskHandler[id: 87; name: NFCORE_RNASEQ:RNASEQ:QUALIMAP_RNASEQ (D5); status: NEW; exit: -; error: -; workDir: /home/songz/gaoz/work/01_Junqiang_Ding_0216/b0/c5ec137fbf25d66f9caa6f5f067b15]
~> TaskHandler[id: 88; name: NFCORE_RNASEQ:RNASEQ:BEDTOOLS_GENOMECOV (D5); status: NEW; exit: -; error: -; workDir: /home/songz/gaoz/work/01_Junqiang_Ding_0216/ce/b72d800fe19a19f07dbecfce7a69fc]
~> TaskHandler[id: 86; name: NFCORE_RNASEQ:RNASEQ:STRINGTIE_STRINGTIE (D5); status: NEW; exit: -; error: -; workDir: /home/songz/gaoz/work/01_Junqiang_Ding_0216/ce/9162900e84484cd826f5dd1b72267c]
~> TaskHandler[id: 106; name: NFCORE_RNASEQ:RNASEQ:BAM_MARKDUPLICATES_PICARD:BAM_STATS_SAMTOOLS:SAMTOOLS_STATS (D7); status: NEW; exit: -; error: -; workDir: /home/songz/gaoz/work/01_Junqiang_Ding_0216/bc/d7b47766367d7a0909eecabf5e3d50]
~> TaskHandler[id: 103; name: NFCORE_RNASEQ:RNASEQ:BAM_MARKDUPLICATES_PICARD:BAM_STATS_SAMTOOLS:SAMTOOLS_STATS (D4); status: NEW; exit: -; error: -; workDir: /home/songz/gaoz/work/01_Junqiang_Ding_0216/10/02aaaac151c97b68580b7fc60d235a]
.. remaining tasks omitted.
